#
# A fatal error has been detected by the Java Runtime Environment:
#
#  SIGSEGV (0xb) at pc=0x00007f070c3a9af7, pid=31341, tid=0x00007f070db01700
#
# JRE version: OpenJDK Runtime Environment (8.0_181-b13) (build 1.8.0_181-8u181-b13-0ubuntu0.18.04.1-b13)
# Java VM: OpenJDK 64-Bit Server VM (25.181-b13 mixed mode linux-amd64 compressed oops)
# Problematic frame:
# V  [libjvm.so+0x66caf7]
#
# Failed to write core dump. Core dumps have been disabled. To enable core dumping, try "ulimit -c unlimited" before starting Java again
#
# If you would like to submit a bug report, please visit:
#   http://bugreport.java.com/bugreport/crash.jsp
#

---------------  T H R E A D  ---------------

Current thread (0x00007f0704014800):  JavaThread "main" [_thread_in_vm, id=31348, stack(0x00007f070da02000,0x00007f070db02000)]

siginfo: si_signo: 11 (SIGSEGV), si_code: 128 (SI_KERNEL), si_addr: 0x0000000000000000

Registers:
RAX=0x349319f900010030, RBX=0x00007f0704014800, RCX=0x0000000000000040, RDX=0x00007f0704014800
RSP=0x00007f070daff930, RBP=0x00007f070daff9a0, RSI=0x0000000000000001, RDI=0x00007f0704a58c00
R8 =0x0000000000000009, R9 =0x000000000000000a, R10=0x00007f0704a58c00, R11=0x0000000000000001
R12=0x00007f0704a58c00, R13=0x00007f06f4c64a48, R14=0x0000000000000600, R15=0x00007f06f4c64a48
RIP=0x00007f070c3a9af7, EFLAGS=0x0000000000010246, CSGSFS=0x002b000000000033, ERR=0x0000000000000000
  TRAPNO=0x000000000000000d

Top of Stack: (sp=0x00007f070daff930)
0x00007f070daff930:   00007f070daff9b0 00007f070c3a9b4f
0x00007f070daff940:   00007f06f4c653e3 00007f0704014800
0x00007f070daff950:   00007f06f4c64a48 00007f0704014800
0x00007f070daff960:   00007f06f4c64a48 1a98e6ba11c95f00
0x00007f070daff970:   00007f070daffa58 00000000000000bb
0x00007f070daff980:   0000000000000000 00007f06f4c653ee
0x00007f070daff990:   00007f070daffa58 00007f0704014800
0x00007f070daff9a0:   00007f070daffa10 00007f06f5034107
0x00007f070daff9b0:   00007f06f50340c5 00000000d91ec0c8
0x00007f070daff9c0:   00000000d77ad740 00000000d77ad740
0x00007f070daff9d0:   00007f070daff9d0 00007f06f4c653ee
0x00007f070daff9e0:   00007f070daffa58 00007f06f4cbdec0
0x00007f070daff9f0:   0000000000000000 00007f06f4c65518
0x00007f070daffa00:   0000000000000000 00007f070daffa58
0x00007f070daffa10:   00007f070daffac0 00007f06f50004e7
0x00007f070daffa20:   0000000000000000 0000000000000000
0x00007f070daffa30:   0000000000000000 0000000000000000
0x00007f070daffa40:   0000000000000000 00000000d7477b18
0x00007f070daffa50:   00000000d7411180 00000000d90813d8
0x00007f070daffa60:   0000000000001fa0 00007f06f4c65518
0x00007f070daffa70:   00007f070daffca0 00007f070daffb60
0x00007f070daffa80:   00007f0704014800 00007f0704014800
0x00007f070daffa90:   00007f070daffb60 00007f070daffc88
0x00007f070daffaa0:   00007f070000000a 00007f06f4c65518
0x00007f070daffab0:   00007f06f5019200 00007f070daffca8
0x00007f070daffac0:   00007f070daffbe0 00007f070c3bc7bb
0x00007f070daffad0:   0000000000000001 00007f0704014800
0x00007f070daffae0:   0000000000000000 1a98e6ba11c95f00
0x00007f070daffaf0:   00007f070daffb20 00007f070000000a
0x00007f070daffb00:   00007f070000000e 00007f06f5019200
0x00007f070daffb10:   00007f0704015168 00007f070daffc80
0x00007f070daffb20:   00007f0704014800 00007f0704015110 

Instructions: (pc=0x00007f070c3a9af7)
0x00007f070c3a9ad7:   48 03 02 c7 00 01 00 00 00 e9 32 ff ff ff 0f 1f
0x00007f070c3a9ae7:   00 49 8b 04 24 48 89 da be 01 00 00 00 4c 89 e7
0x00007f070c3a9af7:   ff 50 78 48 83 7b 08 00 0f 85 9d fe ff ff 49 8b
0x00007f070c3a9b07:   04 24 48 89 de 4c 89 e7 ff 90 90 00 00 00 48 83 

Register to memory mapping:

RAX=0x349319f900010030 is an unknown value
RBX=0x00007f0704014800 is a thread
RCX=0x0000000000000040 is an unknown value
RDX=0x00007f0704014800 is a thread
RSP=0x00007f070daff930 is pointing into the stack for thread: 0x00007f0704014800
RBP=0x00007f070daff9a0 is pointing into the stack for thread: 0x00007f0704014800
RSI=0x0000000000000001 is an unknown value
RDI=0x00007f0704a58c00 is an unknown value
R8 =0x0000000000000009 is an unknown value
R9 =0x000000000000000a is an unknown value
R10=0x00007f0704a58c00 is an unknown value
R11=0x0000000000000001 is an unknown value
R12=0x00007f0704a58c00 is an unknown value
R13=0x00007f06f4c64a48 is pointing into metadata
R14=0x0000000000000600 is an unknown value
R15=0x00007f06f4c64a48 is pointing into metadata


Stack: [0x00007f070da02000,0x00007f070db02000],  sp=0x00007f070daff930,  free space=1014k
Native frames: (J=compiled Java code, j=interpreted, Vv=VM code, C=native code)
V  [libjvm.so+0x66caf7]
j  de.intranda.goobi.plugins.ImageQAPluginTest.testSortImagesNew()V+30
v  ~StubRoutines::call_stub
V  [libjvm.so+0x67f7bb]
V  [libjvm.so+0x9724c5]
V  [libjvm.so+0x973ea5]
V  [libjvm.so+0x6cf6d1]  JVM_InvokeMethod+0x111
j  sun.reflect.NativeMethodAccessorImpl.invoke0(Ljava/lang/reflect/Method;Ljava/lang/Object;[Ljava/lang/Object;)Ljava/lang/Object;+0
j  sun.reflect.NativeMethodAccessorImpl.invoke(Ljava/lang/Object;[Ljava/lang/Object;)Ljava/lang/Object;+100
j  sun.reflect.DelegatingMethodAccessorImpl.invoke(Ljava/lang/Object;[Ljava/lang/Object;)Ljava/lang/Object;+6
j  java.lang.reflect.Method.invoke(Ljava/lang/Object;[Ljava/lang/Object;)Ljava/lang/Object;+56
j  org.junit.runners.model.FrameworkMethod$1.runReflectiveCall()Ljava/lang/Object;+15
j  org.junit.internal.runners.model.ReflectiveCallable.run()Ljava/lang/Object;+1
j  org.junit.runners.model.FrameworkMethod.invokeExplosively(Ljava/lang/Object;[Ljava/lang/Object;)Ljava/lang/Object;+10
j  org.junit.internal.runners.statements.InvokeMethod.evaluate()V+12
j  org.junit.internal.runners.statements.RunBefores.evaluate()V+49
j  org.junit.internal.runners.statements.RunAfters.evaluate()V+12
j  org.junit.runners.ParentRunner.runLeaf(Lorg/junit/runners/model/Statement;Lorg/junit/runner/Description;Lorg/junit/runner/notification/RunNotifier;)V+17
j  org.junit.runners.BlockJUnit4ClassRunner.runChild(Lorg/junit/runners/model/FrameworkMethod;Lorg/junit/runner/notification/RunNotifier;)V+30
j  org.junit.runners.BlockJUnit4ClassRunner.runChild(Ljava/lang/Object;Lorg/junit/runner/notification/RunNotifier;)V+6
j  org.junit.runners.ParentRunner$3.run()V+12
j  org.junit.runners.ParentRunner$1.schedule(Ljava/lang/Runnable;)V+1
j  org.junit.runners.ParentRunner.runChildren(Lorg/junit/runner/notification/RunNotifier;)V+44
j  org.junit.runners.ParentRunner.access$000(Lorg/junit/runners/ParentRunner;Lorg/junit/runner/notification/RunNotifier;)V+2
j  org.junit.runners.ParentRunner$2.evaluate()V+8
j  org.junit.runners.ParentRunner.run(Lorg/junit/runner/notification/RunNotifier;)V+20
j  org.eclipse.jdt.internal.junit4.runner.JUnit4TestReference.run(Lorg/eclipse/jdt/internal/junit/runner/TestExecution;)V+72
j  org.eclipse.jdt.internal.junit.runner.TestExecution.run([Lorg/eclipse/jdt/internal/junit/runner/ITestReference;)V+17
j  org.eclipse.jdt.internal.junit.runner.RemoteTestRunner.runTests([Ljava/lang/String;Ljava/lang/String;Lorg/eclipse/jdt/internal/junit/runner/TestExecution;)V+62
j  org.eclipse.jdt.internal.junit.runner.RemoteTestRunner.runTests(Lorg/eclipse/jdt/internal/junit/runner/TestExecution;)V+10
j  org.eclipse.jdt.internal.junit.runner.RemoteTestRunner.run()V+70
j  org.eclipse.jdt.internal.junit.runner.RemoteTestRunner.main([Ljava/lang/String;)V+14
v  ~StubRoutines::call_stub
V  [libjvm.so+0x67f7bb]
V  [libjvm.so+0x6a39c7]
V  [libjvm.so+0x6a6383]
C  [libjli.so+0x36d6]
C  [libjli.so+0x77ad]
C  [libpthread.so.0+0x76db]  start_thread+0xdb

Java frames: (J=compiled Java code, j=interpreted, Vv=VM code)
j  de.intranda.goobi.plugins.ImageQAPluginTest.testSortImagesNew()V+30
v  ~StubRoutines::call_stub
j  sun.reflect.NativeMethodAccessorImpl.invoke0(Ljava/lang/reflect/Method;Ljava/lang/Object;[Ljava/lang/Object;)Ljava/lang/Object;+0
j  sun.reflect.NativeMethodAccessorImpl.invoke(Ljava/lang/Object;[Ljava/lang/Object;)Ljava/lang/Object;+100
j  sun.reflect.DelegatingMethodAccessorImpl.invoke(Ljava/lang/Object;[Ljava/lang/Object;)Ljava/lang/Object;+6
j  java.lang.reflect.Method.invoke(Ljava/lang/Object;[Ljava/lang/Object;)Ljava/lang/Object;+56
j  org.junit.runners.model.FrameworkMethod$1.runReflectiveCall()Ljava/lang/Object;+15
j  org.junit.internal.runners.model.ReflectiveCallable.run()Ljava/lang/Object;+1
j  org.junit.runners.model.FrameworkMethod.invokeExplosively(Ljava/lang/Object;[Ljava/lang/Object;)Ljava/lang/Object;+10
j  org.junit.internal.runners.statements.InvokeMethod.evaluate()V+12
j  org.junit.internal.runners.statements.RunBefores.evaluate()V+49
j  org.junit.internal.runners.statements.RunAfters.evaluate()V+12
j  org.junit.runners.ParentRunner.runLeaf(Lorg/junit/runners/model/Statement;Lorg/junit/runner/Description;Lorg/junit/runner/notification/RunNotifier;)V+17
j  org.junit.runners.BlockJUnit4ClassRunner.runChild(Lorg/junit/runners/model/FrameworkMethod;Lorg/junit/runner/notification/RunNotifier;)V+30
j  org.junit.runners.BlockJUnit4ClassRunner.runChild(Ljava/lang/Object;Lorg/junit/runner/notification/RunNotifier;)V+6
j  org.junit.runners.ParentRunner$3.run()V+12
j  org.junit.runners.ParentRunner$1.schedule(Ljava/lang/Runnable;)V+1
j  org.junit.runners.ParentRunner.runChildren(Lorg/junit/runner/notification/RunNotifier;)V+44
j  org.junit.runners.ParentRunner.access$000(Lorg/junit/runners/ParentRunner;Lorg/junit/runner/notification/RunNotifier;)V+2
j  org.junit.runners.ParentRunner$2.evaluate()V+8
j  org.junit.runners.ParentRunner.run(Lorg/junit/runner/notification/RunNotifier;)V+20
j  org.eclipse.jdt.internal.junit4.runner.JUnit4TestReference.run(Lorg/eclipse/jdt/internal/junit/runner/TestExecution;)V+72
j  org.eclipse.jdt.internal.junit.runner.TestExecution.run([Lorg/eclipse/jdt/internal/junit/runner/ITestReference;)V+17
j  org.eclipse.jdt.internal.junit.runner.RemoteTestRunner.runTests([Ljava/lang/String;Ljava/lang/String;Lorg/eclipse/jdt/internal/junit/runner/TestExecution;)V+62
j  org.eclipse.jdt.internal.junit.runner.RemoteTestRunner.runTests(Lorg/eclipse/jdt/internal/junit/runner/TestExecution;)V+10
j  org.eclipse.jdt.internal.junit.runner.RemoteTestRunner.run()V+70
j  org.eclipse.jdt.internal.junit.runner.RemoteTestRunner.main([Ljava/lang/String;)V+14
v  ~StubRoutines::call_stub

---------------  P R O C E S S  ---------------

Java Threads: ( => current thread )
  0x00007f0704a5e000 JavaThread "ReaderThread" [_thread_in_native, id=31371, stack(0x00007f06e693f000,0x00007f06e6a40000)]
  0x00007f0704a20000 JavaThread "Service Thread" daemon [_thread_blocked, id=31368, stack(0x00007f06e6db1000,0x00007f06e6eb2000)]
  0x00007f0704a1d800 JavaThread "C1 CompilerThread2" daemon [_thread_blocked, id=31367, stack(0x00007f06e6eb3000,0x00007f06e6fb3000)]
  0x00007f0704a24000 JavaThread "C2 CompilerThread1" daemon [_thread_in_native, id=31366, stack(0x00007f06e6fb4000,0x00007f06e70b4000)]
  0x00007f0704a23000 JavaThread "C2 CompilerThread0" daemon [_thread_in_native, id=31365, stack(0x00007f06e70b5000,0x00007f06e71b5000)]
  0x00007f06cc001000 JavaThread "JDWP Command Reader" daemon [_thread_in_native, id=31361, stack(0x00007f06e75f3000,0x00007f06e76f4000)]
  0x00007f0704199800 JavaThread "JDWP Event Helper Thread" daemon [_thread_blocked, id=31360, stack(0x00007f06e76f4000,0x00007f06e77f5000)]
  0x00007f0704196000 JavaThread "JDWP Transport Listener: dt_socket" daemon [_thread_blocked, id=31359, stack(0x00007f06e77f5000,0x00007f06e78f6000)]
  0x00007f0704187000 JavaThread "Signal Dispatcher" daemon [_thread_blocked, id=31357, stack(0x00007f06e7afb000,0x00007f06e7bfc000)]
  0x00007f0704155800 JavaThread "Finalizer" daemon [_thread_blocked, id=31356, stack(0x00007f06e7bfc000,0x00007f06e7cfd000)]
  0x00007f0704151000 JavaThread "Reference Handler" daemon [_thread_blocked, id=31355, stack(0x00007f06e7cfd000,0x00007f06e7dfe000)]
=>0x00007f0704014800 JavaThread "main" [_thread_in_vm, id=31348, stack(0x00007f070da02000,0x00007f070db02000)]

Other Threads:
  0x00007f0704149800 VMThread [stack: 0x00007f06e7dff000,0x00007f06e7eff000] [id=31354]
  0x00007f0704a7e000 WatcherThread [stack: 0x00007f06e6cb1000,0x00007f06e6db1000] [id=31369]

VM state:not at safepoint (normal execution)

VM Mutex/Monitor currently owned by a thread: None

Heap:
 PSYoungGen      total 36864K, used 10015K [0x00000000d7180000, 0x00000000d9a80000, 0x0000000100000000)
  eden space 31744K, 20% used [0x00000000d7180000,0x00000000d77f2320,0x00000000d9080000)
  from space 5120K, 66% used [0x00000000d9080000,0x00000000d93d5ca0,0x00000000d9580000)
  to   space 5120K, 0% used [0x00000000d9580000,0x00000000d9580000,0x00000000d9a80000)
 ParOldGen       total 84992K, used 80K [0x0000000085400000, 0x000000008a700000, 0x00000000d7180000)
  object space 84992K, 0% used [0x0000000085400000,0x0000000085414010,0x000000008a700000)
 Metaspace       used 9737K, capacity 9892K, committed 10112K, reserved 1058816K
  class space    used 1031K, capacity 1078K, committed 1152K, reserved 1048576K

Card table byte_map: [0x00007f070924c000,0x00007f0709623000] byte_map_base: 0x00007f0708e22000

Marking Bits: (ParMarkBitMap*) 0x00007f070cca11c0
 Begin Bits: [0x00007f06ec2a0000, 0x00007f06ee150000)
 End Bits:   [0x00007f06ee150000, 0x00007f06f0000000)

Polling page: 0x00007f070db22000

CodeCache: size=245760Kb used=3541Kb max_used=3541Kb free=242218Kb
 bounds [0x00007f06f5000000, 0x00007f06f5380000, 0x00007f0704000000]
 total_blobs=1014 nmethods=692 adapters=245
 compilation: enabled

Compilation events (10 events):
Event: 808,844 Thread 0x00007f0704a1d800  693   !   3       java.net.URLClassLoader::definePackageInternal (81 bytes)
Event: 808,845 Thread 0x00007f0704a1d800 nmethod 693 0x00007f06f5321910 code [0x00007f06f5321b40, 0x00007f06f53226b8]
Event: 808,845 Thread 0x00007f0704a1d800  694       3       java.net.URLClassLoader::getAndVerifyPackage (109 bytes)
Event: 808,852 Thread 0x00007f0704a1d800 nmethod 694 0x00007f06f531f310 code [0x00007f06f531f620, 0x00007f06f5320d68]
Event: 808,854 Thread 0x00007f0704a1d800  695       3       sun.misc.ASCIICaseInsensitiveComparator::compare (126 bytes)
Event: 808,855 Thread 0x00007f0704a1d800 nmethod 695 0x00007f06f5374e50 code [0x00007f06f5375060, 0x00007f06f5375c78]
Event: 808,856 Thread 0x00007f0704a1d800  696       3       java.lang.Float::isNaN (12 bytes)
Event: 808,857 Thread 0x00007f0704a1d800 nmethod 696 0x00007f06f531ef10 code [0x00007f06f531f080, 0x00007f06f531f230]
Event: 808,857 Thread 0x00007f0704a1d800  697       3       java.io.ByteArrayOutputStream::<init> (43 bytes)
Event: 808,857 Thread 0x00007f0704a1d800 nmethod 697 0x00007f06f5376350 code [0x00007f06f5376540, 0x00007f06f5376ed8]

GC Heap History (2 events):
Event: 1,286 GC heap before
{Heap before GC invocations=1 (full 0):
 PSYoungGen      total 36864K, used 31744K [0x00000000d7180000, 0x00000000d9a80000, 0x0000000100000000)
  eden space 31744K, 100% used [0x00000000d7180000,0x00000000d9080000,0x00000000d9080000)
  from space 5120K, 0% used [0x00000000d9580000,0x00000000d9580000,0x00000000d9a80000)
  to   space 5120K, 0% used [0x00000000d9080000,0x00000000d9080000,0x00000000d9580000)
 ParOldGen       total 84992K, used 0K [0x0000000085400000, 0x000000008a700000, 0x00000000d7180000)
  object space 84992K, 0% used [0x0000000085400000,0x0000000085400000,0x000000008a700000)
 Metaspace       used 8874K, capacity 9028K, committed 9216K, reserved 1056768K
  class space    used 962K, capacity 982K, committed 1024K, reserved 1048576K
Event: 1,291 GC heap after
Heap after GC invocations=1 (full 0):
 PSYoungGen      total 36864K, used 3415K [0x00000000d7180000, 0x00000000d9a80000, 0x0000000100000000)
  eden space 31744K, 0% used [0x00000000d7180000,0x00000000d7180000,0x00000000d9080000)
  from space 5120K, 66% used [0x00000000d9080000,0x00000000d93d5ca0,0x00000000d9580000)
  to   space 5120K, 0% used [0x00000000d9580000,0x00000000d9580000,0x00000000d9a80000)
 ParOldGen       total 84992K, used 80K [0x0000000085400000, 0x000000008a700000, 0x00000000d7180000)
  object space 84992K, 0% used [0x0000000085400000,0x0000000085414010,0x000000008a700000)
 Metaspace       used 8874K, capacity 9028K, committed 9216K, reserved 1056768K
  class space    used 962K, capacity 982K, committed 1024K, reserved 1048576K
}

Deoptimization events (4 events):
Event: 0,952 Thread 0x00007f0704014800 Uncommon trap: reason=unstable_if action=reinterpret pc=0x00007f06f519694c method=org.eclipse.jdt.launching.internal.org.objectweb.asm.ClassReader.readUTF(II[C)Ljava/lang/String; @ 41
Event: 0,952 Thread 0x00007f0704014800 Uncommon trap: reason=unstable_if action=reinterpret pc=0x00007f06f52111fc method=org.eclipse.jdt.launching.internal.org.objectweb.asm.ByteVector.putUTF8(Ljava/lang/String;)Lorg/eclipse/jdt/launching/internal/org/objectweb/asm/ByteVector; @ 98
Event: 0,952 Thread 0x00007f0704014800 Uncommon trap: reason=unstable_if action=reinterpret pc=0x00007f06f51b1f00 method=org.eclipse.jdt.launching.internal.org.objectweb.asm.ByteVector.putUTF8(Ljava/lang/String;)Lorg/eclipse/jdt/launching/internal/org/objectweb/asm/ByteVector; @ 98
Event: 1,104 Thread 0x00007f0704014800 Uncommon trap: reason=unstable_if action=reinterpret pc=0x00007f06f52168b8 method=java.lang.AbstractStringBuilder.append(Ljava/lang/String;)Ljava/lang/AbstractStringBuilder; @ 1

Classes redefined (6 events):
Event: 38,193 Thread 0x00007f0704149800 redefined class name=de.intranda.goobi.plugins.ImageQAPluginTest, count=1
Event: 159,416 Thread 0x00007f0704149800 redefined class name=de.intranda.goobi.plugins.ImageQAPluginTest, count=2
Event: 607,617 Thread 0x00007f0704149800 redefined class name=de.intranda.goobi.plugins.ImageQAPluginTest, count=3
Event: 799,273 Thread 0x00007f0704149800 redefined class name=de.intranda.goobi.plugins.ImageQAPlugin, count=1
Event: 804,489 Thread 0x00007f0704149800 redefined class name=de.intranda.goobi.plugins.ImageQAPlugin, count=2
Event: 804,491 Thread 0x00007f0704149800 redefined class name=de.intranda.goobi.plugins.ImageQAPluginTest, count=4

Internal exceptions (10 events):
Event: 1,250 Thread 0x00007f0704014800 Exception <a 'java/lang/ArrayIndexOutOfBoundsException'> (0x00000000d8f40148) thrown at [/build/openjdk-8-8iINie/openjdk-8-8u181-b13/src/hotspot/src/share/vm/runtime/sharedRuntime.cpp, line 605]
Event: 1,251 Thread 0x00007f0704014800 Exception <a 'java/lang/ArrayIndexOutOfBoundsException'> (0x00000000d8f44fa8) thrown at [/build/openjdk-8-8iINie/openjdk-8-8u181-b13/src/hotspot/src/share/vm/runtime/sharedRuntime.cpp, line 605]
Event: 1,258 Thread 0x00007f0704014800 Exception <a 'java/lang/ClassNotFoundException': org/apache/log4j/AppenderSkeletonCustomizer> (0x00000000d8f77138) thrown at [/build/openjdk-8-8iINie/openjdk-8-8u181-b13/src/hotspot/src/share/vm/classfile/systemDictionary.cpp, line 210]
Event: 1,274 Thread 0x00007f0704014800 Exception <a 'java/lang/ClassNotFoundException': org/apache/log4j/WriterAppenderCustomizer> (0x00000000d8fe72b0) thrown at [/build/openjdk-8-8iINie/openjdk-8-8u181-b13/src/hotspot/src/share/vm/classfile/systemDictionary.cpp, line 210]
Event: 1,277 Thread 0x00007f0704014800 Exception <a 'java/lang/ClassNotFoundException': org/apache/log4j/FileAppenderCustomizer> (0x00000000d901a490) thrown at [/build/openjdk-8-8iINie/openjdk-8-8u181-b13/src/hotspot/src/share/vm/classfile/systemDictionary.cpp, line 210]
Event: 1,280 Thread 0x00007f0704014800 Exception <a 'java/lang/ClassNotFoundException': org/apache/log4j/RollingFileAppenderCustomizer> (0x00000000d9050e20) thrown at [/build/openjdk-8-8iINie/openjdk-8-8u181-b13/src/hotspot/src/share/vm/classfile/systemDictionary.cpp, line 210]
Event: 1,312 Thread 0x00007f0704014800 Exception <a 'java/lang/ClassNotFoundException': org/apache/log4j/PatternLayoutBeanInfo> (0x00000000d72e48b0) thrown at [/build/openjdk-8-8iINie/openjdk-8-8u181-b13/src/hotspot/src/share/vm/classfile/systemDictionary.cpp, line 210]
Event: 1,313 Thread 0x00007f0704014800 Exception <a 'java/lang/ClassNotFoundException': org/apache/log4j/LayoutBeanInfo> (0x00000000d7306048) thrown at [/build/openjdk-8-8iINie/openjdk-8-8u181-b13/src/hotspot/src/share/vm/classfile/systemDictionary.cpp, line 210]
Event: 1,314 Thread 0x00007f0704014800 Exception <a 'java/lang/ClassNotFoundException': org/apache/log4j/LayoutCustomizer> (0x00000000d7328418) thrown at [/build/openjdk-8-8iINie/openjdk-8-8u181-b13/src/hotspot/src/share/vm/classfile/systemDictionary.cpp, line 210]
Event: 1,316 Thread 0x00007f0704014800 Exception <a 'java/lang/ClassNotFoundException': org/apache/log4j/PatternLayoutCustomizer> (0x00000000d7353d00) thrown at [/build/openjdk-8-8iINie/openjdk-8-8u181-b13/src/hotspot/src/share/vm/classfile/systemDictionary.cpp, line 210]

Events (10 events):
Event: 808,866 Thread 0x00007f0704014800 DEOPT PACKING pc=0x00007f06f522fe34 sp=0x00007f070daf9e60
Event: 808,866 Thread 0x00007f0704014800 DEOPT UNPACKING pc=0x00007f06f50474c4 sp=0x00007f070daf9ca0 mode 1
Event: 808,866 loading class org/apache/commons/configuration/XMLConfiguration$XMLFileConfigurationDelegate
Event: 808,866 loading class org/apache/commons/configuration/XMLConfiguration$XMLFileConfigurationDelegate done
Event: 808,866 Thread 0x00007f0704014800 DEOPT PACKING pc=0x00007f06f52bd5a1 sp=0x00007f070dafdc30
Event: 808,866 Thread 0x00007f0704014800 DEOPT UNPACKING pc=0x00007f06f50474c4 sp=0x00007f070dafd9a0 mode 1
Event: 808,866 Thread 0x00007f0704014800 DEOPT PACKING pc=0x00007f06f5230094 sp=0x00007f070dafdcb0
Event: 808,866 Thread 0x00007f0704014800 DEOPT UNPACKING pc=0x00007f06f50474c4 sp=0x00007f070dafdaf0 mode 1
Event: 808,866 Thread 0x00007f0704014800 DEOPT PACKING pc=0x00007f06f522fe34 sp=0x00007f070dafde40
Event: 808,866 Thread 0x00007f0704014800 DEOPT UNPACKING pc=0x00007f06f50474c4 sp=0x00007f070dafdc80 mode 1


Dynamic libraries:
85400000-8a700000 rw-p 00000000 00:00 0 
8a700000-d7180000 ---p 00000000 00:00 0 
d7180000-d9a80000 rw-p 00000000 00:00 0 
d9a80000-100000000 ---p 00000000 00:00 0 
100000000-100120000 rw-p 00000000 00:00 0 
100120000-140000000 ---p 00000000 00:00 0 
56057a78f000-56057a790000 r-xp 00000000 fd:01 5113091                    /usr/lib/jvm/java-8-openjdk-amd64/jre/bin/java
56057a98f000-56057a990000 r--p 00000000 fd:01 5113091                    /usr/lib/jvm/java-8-openjdk-amd64/jre/bin/java
56057a990000-56057a991000 rw-p 00001000 fd:01 5113091                    /usr/lib/jvm/java-8-openjdk-amd64/jre/bin/java
56057bbea000-56057bc0b000 rw-p 00000000 00:00 0                          [heap]
7f06a4000000-7f06a4021000 rw-p 00000000 00:00 0 
7f06a4021000-7f06a8000000 ---p 00000000 00:00 0 
7f06a8000000-7f06a8021000 rw-p 00000000 00:00 0 
7f06a8021000-7f06ac000000 ---p 00000000 00:00 0 
7f06acfff000-7f06b0000000 rw-p 00000000 00:00 0 
7f06b0000000-7f06b0714000 rw-p 00000000 00:00 0 
7f06b0714000-7f06b4000000 ---p 00000000 00:00 0 
7f06b4000000-7f06b4021000 rw-p 00000000 00:00 0 
7f06b4021000-7f06b8000000 ---p 00000000 00:00 0 
7f06b8000000-7f06ba5fc000 rw-p 00000000 00:00 0 
7f06ba5fc000-7f06bc000000 ---p 00000000 00:00 0 
7f06bc000000-7f06bcb69000 rw-p 00000000 00:00 0 
7f06bcb69000-7f06c0000000 ---p 00000000 00:00 0 
7f06c0000000-7f06c0021000 rw-p 00000000 00:00 0 
7f06c0021000-7f06c4000000 ---p 00000000 00:00 0 
7f06c4000000-7f06c4021000 rw-p 00000000 00:00 0 
7f06c4021000-7f06c8000000 ---p 00000000 00:00 0 
7f06c8000000-7f06c8021000 rw-p 00000000 00:00 0 
7f06c8021000-7f06cc000000 ---p 00000000 00:00 0 
7f06cc000000-7f06cc04b000 rw-p 00000000 00:00 0 
7f06cc04b000-7f06d0000000 ---p 00000000 00:00 0 
7f06d0000000-7f06d0021000 rw-p 00000000 00:00 0 
7f06d0021000-7f06d4000000 ---p 00000000 00:00 0 
7f06d4000000-7f06d4021000 rw-p 00000000 00:00 0 
7f06d4021000-7f06d8000000 ---p 00000000 00:00 0 
7f06d8000000-7f06d8021000 rw-p 00000000 00:00 0 
7f06d8021000-7f06dc000000 ---p 00000000 00:00 0 
7f06dc000000-7f06dc051000 rw-p 00000000 00:00 0 
7f06dc051000-7f06e0000000 ---p 00000000 00:00 0 
7f06e0000000-7f06e0021000 rw-p 00000000 00:00 0 
7f06e0021000-7f06e4000000 ---p 00000000 00:00 0 
7f06e63ab000-7f06e646b000 rw-p 00000000 00:00 0 
7f06e646b000-7f06e65ab000 ---p 00000000 00:00 0 
7f06e693f000-7f06e6942000 ---p 00000000 00:00 0 
7f06e6942000-7f06e6a40000 rw-p 00000000 00:00 0 
7f06e6a98000-7f06e6aaf000 r-xp 00000000 fd:01 5113127                    /usr/lib/jvm/java-8-openjdk-amd64/jre/lib/amd64/libnet.so
7f06e6aaf000-7f06e6cae000 ---p 00017000 fd:01 5113127                    /usr/lib/jvm/java-8-openjdk-amd64/jre/lib/amd64/libnet.so
7f06e6cae000-7f06e6caf000 r--p 00016000 fd:01 5113127                    /usr/lib/jvm/java-8-openjdk-amd64/jre/lib/amd64/libnet.so
7f06e6caf000-7f06e6cb0000 rw-p 00017000 fd:01 5113127                    /usr/lib/jvm/java-8-openjdk-amd64/jre/lib/amd64/libnet.so
7f06e6cb0000-7f06e6cb1000 ---p 00000000 00:00 0 
7f06e6cb1000-7f06e6db1000 rw-p 00000000 00:00 0 
7f06e6db1000-7f06e6db4000 ---p 00000000 00:00 0 
7f06e6db4000-7f06e6eb2000 rw-p 00000000 00:00 0 
7f06e6eb2000-7f06e6eb3000 ---p 00000000 00:00 0 
7f06e6eb3000-7f06e6eb6000 ---p 00000000 00:00 0 
7f06e6eb6000-7f06e6fb3000 rw-p 00000000 00:00 0 
7f06e6fb3000-7f06e6fb4000 ---p 00000000 00:00 0 
7f06e6fb4000-7f06e6fb7000 ---p 00000000 00:00 0 
7f06e6fb7000-7f06e70b4000 rw-p 00000000 00:00 0 
7f06e70b4000-7f06e70b5000 ---p 00000000 00:00 0 
7f06e70b5000-7f06e70b8000 ---p 00000000 00:00 0 
7f06e70b8000-7f06e71b5000 rw-p 00000000 00:00 0 
7f06e71b5000-7f06e71c8000 r--s 00346000 fd:01 5113171                    /usr/lib/jvm/java-8-openjdk-amd64/jre/lib/resources.jar
7f06e71c8000-7f06e71ca000 r--s 00016000 fd:01 5113165                    /usr/lib/jvm/java-8-openjdk-amd64/jre/lib/jce.jar
7f06e71ca000-7f06e71cf000 r--s 0009d000 fd:01 5113167                    /usr/lib/jvm/java-8-openjdk-amd64/jre/lib/jsse.jar
7f06e71cf000-7f06e71d2000 r--s 0001d000 fd:01 17573333                   /home/hauke/eclipse/configuration/org.eclipse.osgi/413/0/.cp/lib/javaagent-shaded.jar
7f06e71d2000-7f06e71f0000 r--s 00231000 fd:01 27924375                   /home/hauke/repos/goobi/Goobi/webapp/WEB-INF/lib/jsf-impl-2.2.12.jar
7f06e71f0000-7f06e71fd000 r--s 0009e000 fd:01 27924374                   /home/hauke/repos/goobi/Goobi/webapp/WEB-INF/lib/jsf-api-2.2.12.jar
7f06e71fd000-7f06e7200000 r--s 00027000 fd:01 27924265                   /home/hauke/repos/goobi/Goobi/webapp/WEB-INF/lib/alto.jar
7f06e7200000-7f06e7201000 r--s 00009000 fd:01 27924287                   /home/hauke/repos/goobi/Goobi/webapp/WEB-INF/lib/commons-csv-1.4.jar
7f06e7201000-7f06e7203000 r--s 00002000 fd:01 18486265                   /home/hauke/repos/tomcat9/lib/annotations-api.jar
7f06e7203000-7f06e7205000 r--s 00013000 fd:01 18486272                   /home/hauke/repos/tomcat9/lib/el-api.jar
7f06e7205000-7f06e7208000 r--s 0000d000 fd:01 18486276                   /home/hauke/repos/tomcat9/lib/jsp-api.jar
7f06e7208000-7f06e720f000 r--s 00081000 fd:01 18486274                   /home/hauke/repos/tomcat9/lib/jasper.jar
7f06e720f000-7f06e7212000 r--s 00042000 fd:01 18486277                   /home/hauke/repos/tomcat9/lib/servlet-api.jar
7f06e7212000-7f06e7216000 r--s 0000e000 fd:01 27924274                   /home/hauke/repos/goobi/Goobi/webapp/WEB-INF/lib/cdi-api-1.2.jar
7f06e7216000-7f06e721d000 r--s 00066000 fd:01 27919468                   /home/hauke/repos/goobi/Goobi/webapp/WEB-INF/lib/ics.jar
7f06e721d000-7f06e7222000 r--s 0002a000 fd:01 27924312                   /home/hauke/repos/goobi/Goobi/webapp/WEB-INF/lib/gson-2.2.4.jar
7f06e7222000-7f06e7228000 r--s 00044000 fd:01 27924353                   /home/hauke/repos/goobi/Goobi/webapp/WEB-INF/lib/jdom-2.0.5.jar
7f06e7228000-7f06e722a000 r--s 00005000 fd:01 27919233                   /home/hauke/repos/goobi/Goobi/webapp/WEB-INF/lib/jmespath-java-1.11.333.jar
7f06e722a000-7f06e7231000 r--s 00049000 fd:01 27919298                   /home/hauke/repos/goobi/Goobi/webapp/WEB-INF/lib/httpcore-4.4.9.jar
7f06e7231000-7f06e723f000 r--s 000ae000 fd:01 27919446                   /home/hauke/repos/goobi/Goobi/webapp/WEB-INF/lib/httpclient-4.5.5.jar
7f06e723f000-7f06e7240000 r--s 0000b000 fd:01 27919428                   /home/hauke/repos/goobi/Goobi/webapp/WEB-INF/lib/jackson-dataformat-cbor-2.6.7.jar
7f06e7240000-7f06e7251000 r--s 0010c000 fd:01 27919258                   /home/hauke/repos/goobi/Goobi/webapp/WEB-INF/lib/jackson-databind-2.6.7.1.jar
7f06e7251000-7f06e7255000 r--s 0003c000 fd:01 27919444                   /home/hauke/repos/goobi/Goobi/webapp/WEB-INF/lib/jackson-core-2.6.7.jar
7f06e7255000-7f06e7258000 r--s 00009000 fd:01 27924331                   /home/hauke/repos/goobi/Goobi/webapp/WEB-INF/lib/jackson-annotations-2.6.0.jar
7f06e7258000-7f06e725f000 r--s 0003f000 fd:01 27919287                   /home/hauke/repos/goobi/Goobi/webapp/WEB-INF/lib/commons-codec-1.10.jar
7f06e725f000-7f06e7273000 r--s 000c8000 fd:01 27919329                   /home/hauke/repos/goobi/Goobi/webapp/WEB-INF/lib/aws-java-sdk-s3-1.11.333.jar
7f06e7273000-7f06e727c000 r--s 0005a000 fd:01 27919232                   /home/hauke/repos/goobi/Goobi/webapp/WEB-INF/lib/aws-java-sdk-kms-1.11.333.jar
7f06e727c000-7f06e7291000 r--s 000be000 fd:01 27919425                   /home/hauke/repos/goobi/Goobi/webapp/WEB-INF/lib/aws-java-sdk-core-1.11.333.jar
7f06e7291000-7f06e72bf000 r--s 003ab000 fd:01 27919431                   /home/hauke/repos/goobi/Goobi/webapp/WEB-INF/lib/primefaces-6.1.jar
7f06e72bf000-7f06e72c1000 r--s 00007000 fd:01 27924346                   /home/hauke/repos/goobi/Goobi/webapp/WEB-INF/lib/javax.websocket-api-1.1.jar
7f06e72c1000-7f06e72c5000 r--s 00015000 fd:01 27924348                   /home/hauke/repos/goobi/Goobi/webapp/WEB-INF/lib/jaxb-api-2.2.8.jar
7f06e72c5000-7f06e72d5000 r--s 00088000 fd:01 27924373                   /home/hauke/repos/goobi/Goobi/webapp/WEB-INF/lib/joda-time-2.8.1.jar
7f06e72d5000-7f06e72d7000 r--s 0000e000 fd:01 27924298                   /home/hauke/repos/goobi/Goobi/webapp/WEB-INF/lib/commons-logging-1.1.3.jar
7f06e72d7000-7f06e72ea000 r--s 00140000 fd:01 27924411                   /home/hauke/repos/goobi/Goobi/webapp/WEB-INF/lib/poi-scratchpad-3.16.jar
7f06e72ea000-7f06e73a4000 r--s 004e0000 fd:01 27924410                   /home/hauke/repos/goobi/Goobi/webapp/WEB-INF/lib/poi-ooxml-schemas-3.16.jar
7f06e73a4000-7f06e73b7000 r--s 0014c000 fd:01 27924409                   /home/hauke/repos/goobi/Goobi/webapp/WEB-INF/lib/poi-ooxml-3.16.jar
7f06e73b7000-7f06e73b8000 r--s 00007000 fd:01 27924408                   /home/hauke/repos/goobi/Goobi/webapp/WEB-INF/lib/poi-excelant-3.16.jar
7f06e73b8000-7f06e73e4000 r--s 00263000 fd:01 27924407                   /home/hauke/repos/goobi/Goobi/webapp/WEB-INF/lib/poi-3.16.jar
7f06e73e4000-7f06e7406000 r--s 00206000 fd:01 27924308                   /home/hauke/repos/goobi/Goobi/webapp/WEB-INF/lib/fop-0.9.5.jar
7f06e7406000-7f06e7452000 r--s 002df000 fd:01 27924273                   /home/hauke/repos/goobi/Goobi/webapp/WEB-INF/lib/batik-all-1.7.jar
7f06e7452000-7f06e7456000 r--s 0002a000 fd:01 27924302                   /home/hauke/repos/goobi/Goobi/webapp/WEB-INF/lib/commons-validator-1.6.jar
7f06e7456000-7f06e7460000 r--s 000ea000 fd:01 27924401                   /home/hauke/repos/goobi/Goobi/webapp/WEB-INF/lib/mysql-connector-java-5.1.42-bin.jar
7f06e7460000-7f06e7471000 r--s 000e5000 fd:01 27923668                   /home/hauke/repos/goobi/Goobi/lib-test/jai_imageio-1.0_01.jar
7f06e7471000-7f06e7484000 r--s 0016e000 fd:01 27923667                   /home/hauke/repos/goobi/Goobi/lib-test/jai_core-1.1.2_01.jar
7f06e7484000-7f06e7488000 r--s 00031000 fd:01 27923666                   /home/hauke/repos/goobi/Goobi/lib-test/jai_codec-1.1.2_01.jar
7f06e7488000-7f06e7495000 r--s 00082000 fd:01 27924422                   /home/hauke/repos/goobi/Goobi/webapp/WEB-INF/lib/shiro-all-1.3.2.jar
7f06e7495000-7f06e7498000 r--s 00013000 fd:01 27923692                   /home/hauke/repos/goobi/Goobi/lib-test/jetty-servlets-9.3.12.v20160915.jar
7f06e7498000-7f06e749b000 r--s 00018000 fd:01 27923664                   /home/hauke/repos/goobi/Goobi/lib-test/commons-pool2-2.3.jar
7f06e749b000-7f06e749e000 r--s 00027000 fd:01 27923663                   /home/hauke/repos/goobi/Goobi/lib-test/commons-dbcp2-2.0.1.jar
7f06e749e000-7f06e74a2000 r--s 0002f000 fd:01 27924294                   /home/hauke/repos/goobi/Goobi/webapp/WEB-INF/lib/commons-io-2.5.jar
7f06e74a2000-7f06e74a4000 r--s 0000b000 fd:01 27923695                   /home/hauke/repos/goobi/Goobi/lib-test/jetty-xml-9.3.12.v20160915.jar
7f06e74a4000-7f06e74a5000 r--s 00009000 fd:01 27923682                   /home/hauke/repos/goobi/Goobi/lib-test/jetty-jndi-9.3.12.v20160915.jar
7f06e74a5000-7f06e74a8000 r--s 00015000 fd:01 27923689                   /home/hauke/repos/goobi/Goobi/lib-test/jetty-security-9.3.12.v20160915.jar
7f06e74a8000-7f06e74ab000 r--s 0001a000 fd:01 27923678                   /home/hauke/repos/goobi/Goobi/lib-test/jetty-io-9.3.12.v20160915.jar
7f06e74ab000-7f06e74ae000 r--s 00021000 fd:01 27923676                   /home/hauke/repos/goobi/Goobi/lib-test/jetty-http-9.3.12.v20160915.jar
7f06e74ae000-7f06e74b0000 r--s 0000c000 fd:01 27923684                   /home/hauke/repos/goobi/Goobi/lib-test/jetty-plus-9.3.12.v20160915.jar
7f06e74b0000-7f06e74b2000 r--s 0001b000 fd:01 27923691                   /home/hauke/repos/goobi/Goobi/lib-test/jetty-servlet-9.3.12.v20160915.jar
7f06e74b2000-7f06e74b9000 r--s 00065000 fd:01 27923693                   /home/hauke/repos/goobi/Goobi/lib-test/jetty-util-9.3.12.v20160915.jar
7f06e74b9000-7f06e74bb000 r--s 0001a000 fd:01 27923694                   /home/hauke/repos/goobi/Goobi/lib-test/jetty-webapp-9.3.12.v20160915.jar
7f06e74bb000-7f06e74c2000 r--s 00077000 fd:01 27923690                   /home/hauke/repos/goobi/Goobi/lib-test/jetty-server-9.3.12.v20160915.jar
7f06e74c2000-7f06e74c3000 r--s 00002000 fd:01 27924424                   /home/hauke/repos/goobi/Goobi/webapp/WEB-INF/lib/slf4j-log4j12-1.7.21.jar
7f06e74c3000-7f06e74c5000 r--s 00009000 fd:01 27924423                   /home/hauke/repos/goobi/Goobi/webapp/WEB-INF/lib/slf4j-api-1.7.21.jar
7f06e74c5000-7f06e74c8000 r--s 00015000 fd:01 27923697                   /home/hauke/repos/goobi/Goobi/lib-test/servlet-api-3.1.jar
7f06e74c8000-7f06e74cb000 r--s 0000f000 fd:01 27924293                   /home/hauke/repos/goobi/Goobi/webapp/WEB-INF/lib/commons-fileupload-1.3.2.jar
7f06e74cb000-7f06e74d0000 r--s 00035000 fd:01 27924280                   /home/hauke/repos/goobi/Goobi/webapp/WEB-INF/lib/commons-beanutils-1.9.2.jar
7f06e74d0000-7f06e74df000 r--s 00089000 fd:01 27924144                   /home/hauke/repos/goobi/Goobi/test/lib/powermock-easymock-1.6.5-full.jar
7f06e74df000-7f06e74e8000 r--s 0006b000 fd:01 27924139                   /home/hauke/repos/goobi/Goobi/test/lib/easymock-3.4.jar
7f06e74e8000-7f06e74ea000 r--s 00006000 fd:01 27924336                   /home/hauke/repos/goobi/Goobi/webapp/WEB-INF/lib/jackson-jaxrs-base-2.6.3.jar
7f06e74ea000-7f06e74ec000 r--s 00003000 fd:01 27924337                   /home/hauke/repos/goobi/Goobi/webapp/WEB-INF/lib/jackson-jaxrs-json-provider-2.6.3.jar
7f06e74ec000-7f06e74ed000 r--s 00007000 fd:01 27924310                   /home/hauke/repos/goobi/Goobi/webapp/WEB-INF/lib/geonames-1.1.13.jar
7f06e74ed000-7f06e74ee000 r--s 00004000 fd:01 27919252                   /home/hauke/repos/goobi/Goobi/webapp/WEB-INF/lib/normdataimporter.jar
7f06e74ee000-7f06e74f1000 r--s 0003e000 fd:01 27919309                   /home/hauke/repos/goobi/Goobi/webapp/WEB-INF/lib/ugh-3.0.jar
7f06e74f1000-7f06e751a000 r--s 002b3000 fd:01 27924432                   /home/hauke/repos/goobi/Goobi/webapp/WEB-INF/lib/tomahawk20-1.1.14.jar
7f06e751a000-7f06e7527000 r--s 00083000 fd:01 27924283                   /home/hauke/repos/goobi/Goobi/webapp/WEB-INF/lib/commons-collections-3.2.2.jar
7f06e7527000-7f06e752a000 r--s 00030000 fd:01 27924382                   /home/hauke/repos/goobi/Goobi/webapp/WEB-INF/lib/juniversalchardet-1.0.3.jar
7f06e752a000-7f06e753f000 r--s 00161000 fd:01 27924391                   /home/hauke/repos/goobi/Goobi/webapp/WEB-INF/lib/lombok.jar
7f06e753f000-7f06e7543000 r--s 0000c000 fd:01 27924436                   /home/hauke/repos/goobi/Goobi/webapp/WEB-INF/lib/validation-api-1.1.0.Final.jar
7f06e7543000-7f06e755a000 r--s 000d2000 fd:01 27924362                   /home/hauke/repos/goobi/Goobi/webapp/WEB-INF/lib/jersey-guava-2.18.jar
7f06e755a000-7f06e755b000 r--s 00001000 fd:01 27924343                   /home/hauke/repos/goobi/Goobi/webapp/WEB-INF/lib/javax.inject-2.4.0-b12.jar
7f06e755b000-7f06e755d000 r--s 00005000 fd:01 27924342                   /home/hauke/repos/goobi/Goobi/webapp/WEB-INF/lib/javax.annotation-api-1.2.jar
7f06e755d000-7f06e7566000 r--s 0009d000 fd:01 27924341                   /home/hauke/repos/goobi/Goobi/webapp/WEB-INF/lib/javassist.jar
7f06e7566000-7f06e7569000 r--s 00015000 fd:01 27924317                   /home/hauke/repos/goobi/Goobi/webapp/WEB-INF/lib/hk2-utils-2.4.0-b12.jar
7f06e7569000-7f06e756c000 r--s 00027000 fd:01 27924316                   /home/hauke/repos/goobi/Goobi/webapp/WEB-INF/lib/hk2-locator-2.4.0-b12.jar
7f06e756c000-7f06e7571000 r--s 00028000 fd:01 27924315                   /home/hauke/repos/goobi/Goobi/webapp/WEB-INF/lib/hk2-api-2.4.0-b12.jar
7f06e7571000-7f06e7586000 r--s 000cc000 fd:01 27924367                   /home/hauke/repos/goobi/Goobi/webapp/WEB-INF/lib/jersey-server.jar
7f06e7586000-7f06e7589000 r--s 0000f000 fd:01 27924363                   /home/hauke/repos/goobi/Goobi/webapp/WEB-INF/lib/jersey-media-jaxb.jar
7f06e7589000-7f06e758b000 r--s 00003000 fd:01 27924360                   /home/hauke/repos/goobi/Goobi/webapp/WEB-INF/lib/jersey-container-servlet.jar
7f06e758b000-7f06e758e000 r--s 0000c000 fd:01 27924359                   /home/hauke/repos/goobi/Goobi/webapp/WEB-INF/lib/jersey-container-servlet-core.jar
7f06e758e000-7f06e759c000 r--s 0009b000 fd:01 27924358                   /home/hauke/repos/goobi/Goobi/webapp/WEB-INF/lib/jersey-common.jar
7f06e759c000-7f06e75a0000 r--s 00023000 fd:01 27924357                   /home/hauke/repos/goobi/Goobi/webapp/WEB-INF/lib/jersey-client.jar
7f06e75a0000-7f06e75a4000 r--s 00019000 fd:01 27924347                   /home/hauke/repos/goobi/Goobi/webapp/WEB-INF/lib/javax.ws.rs-api-2.0.1.jar
7f06e75a4000-7f06e75a6000 r--s 00007000 fd:01 27924384                   /home/hauke/repos/goobi/Goobi/webapp/WEB-INF/lib/jxls-reader-1.0.5.jar
7f06e75a6000-7f06e75a9000 r--s 00023000 fd:01 27924383                   /home/hauke/repos/goobi/Goobi/webapp/WEB-INF/lib/jxls-core-1.0.5.jar
7f06e75a9000-7f06e75aa000 r--s 00004000 fd:01 27924344                   /home/hauke/repos/goobi/Goobi/webapp/WEB-INF/lib/javax.json-api-1.0.jar
7f06e75aa000-7f06e75ac000 r--s 0000b000 fd:01 27924356                   /home/hauke/repos/goobi/Goobi/webapp/WEB-INF/lib/jempbox-1.7.1.jar
7f06e75ac000-7f06e75af000 r--s 00024000 fd:01 27924320                   /home/hauke/repos/goobi/Goobi/webapp/WEB-INF/lib/httpclient-cache-4.4.jar
7f06e75af000-7f06e75b1000 r--s 00006000 fd:01 27924306                   /home/hauke/repos/goobi/Goobi/webapp/WEB-INF/lib/fluent-hc-4.4.jar
7f06e75b1000-7f06e75b8000 r--s 00050000 fd:01 27924322                   /home/hauke/repos/goobi/Goobi/webapp/WEB-INF/lib/httpcore-nio-4.4.jar
7f06e75b8000-7f06e75ca000 r--s 0016c000 fd:01 27923662                   /home/hauke/repos/goobi/Goobi/lib-test/catalina.jar
7f06e75ca000-7f06e75f3000 r--s 000da000 fd:01 27924399                   /home/hauke/repos/goobi/Goobi/webapp/WEB-INF/lib/mods_3-5.jar
7f06e75f3000-7f06e75f6000 ---p 00000000 00:00 0 
7f06e75f6000-7f06e76f4000 rw-p 00000000 00:00 0 
7f06e76f4000-7f06e76f7000 ---p 00000000 00:00 0 
7f06e76f7000-7f06e77f5000 rw-p 00000000 00:00 0 
7f06e77f5000-7f06e77f8000 ---p 00000000 00:00 0 
7f06e77f8000-7f06e78f6000 rw-p 00000000 00:00 0 
7f06e78f6000-7f06e78fa000 r-xp 00000000 fd:01 5113108                    /usr/lib/jvm/java-8-openjdk-amd64/jre/lib/amd64/libdt_socket.so
7f06e78fa000-7f06e7af9000 ---p 00004000 fd:01 5113108                    /usr/lib/jvm/java-8-openjdk-amd64/jre/lib/amd64/libdt_socket.so
7f06e7af9000-7f06e7afa000 r--p 00003000 fd:01 5113108                    /usr/lib/jvm/java-8-openjdk-amd64/jre/lib/amd64/libdt_socket.so
7f06e7afa000-7f06e7afb000 rw-p 00004000 fd:01 5113108                    /usr/lib/jvm/java-8-openjdk-amd64/jre/lib/amd64/libdt_socket.so
7f06e7afb000-7f06e7afe000 ---p 00000000 00:00 0 
7f06e7afe000-7f06e7bfc000 rw-p 00000000 00:00 0 
7f06e7bfc000-7f06e7bff000 ---p 00000000 00:00 0 
7f06e7bff000-7f06e7cfd000 rw-p 00000000 00:00 0 
7f06e7cfd000-7f06e7d00000 ---p 00000000 00:00 0 
7f06e7d00000-7f06e7dfe000 rw-p 00000000 00:00 0 
7f06e7dfe000-7f06e7dff000 ---p 00000000 00:00 0 
7f06e7dff000-7f06e8000000 rw-p 00000000 00:00 0 
7f06e8000000-7f06e8043000 rw-p 00000000 00:00 0 
7f06e8043000-7f06ec000000 ---p 00000000 00:00 0 
7f06ec000000-7f06ec001000 r--s 00009000 fd:01 27924323                   /home/hauke/repos/goobi/Goobi/webapp/WEB-INF/lib/httpmime-4.4.jar
7f06ec001000-7f06ec004000 r--s 00018000 fd:01 27924301                   /home/hauke/repos/goobi/Goobi/webapp/WEB-INF/lib/commons-pool2-2.3.jar
7f06ec004000-7f06ec007000 r--s 00027000 fd:01 27924288                   /home/hauke/repos/goobi/Goobi/webapp/WEB-INF/lib/commons-dbcp2-2.0.1.jar
7f06ec007000-7f06ec00b000 r--s 00023000 fd:01 27924330                   /home/hauke/repos/goobi/Goobi/webapp/WEB-INF/lib/itext-rtf-2.1.5.jar
7f06ec00b000-7f06ec019000 r--s 0016f000 fd:01 27923698                   /home/hauke/repos/goobi/Goobi/lib-test/unboundid-ldapsdk-se.jar
7f06ec019000-7f06ec027000 r--s 0005b000 fd:01 27924397                   /home/hauke/repos/goobi/Goobi/webapp/WEB-INF/lib/mets-1.10.jar
7f06ec027000-7f06ec03e000 r--s 00100000 fd:01 27923665                   /home/hauke/repos/goobi/Goobi/lib-test/guava-r09.jar
7f06ec03e000-7f06ec040000 r--s 00007000 fd:01 27924143                   /home/hauke/repos/goobi/Goobi/test/lib/objenesis-1.2.jar
7f06ec040000-7f06ec046000 r--s 00045000 fd:01 27924140                   /home/hauke/repos/goobi/Goobi/test/lib/hamcrest-all-1.3.jar
7f06ec046000-7f06ec04c000 r--s 0004a000 fd:01 27924138                   /home/hauke/repos/goobi/Goobi/test/lib/cglib-nodep-2.2.2.jar
7f06ec04c000-7f06ec057000 r--s 0005f000 fd:01 27924447                   /home/hauke/repos/goobi/Goobi/webapp/WEB-INF/lib/xstream-1.3.1.jar
7f06ec057000-7f06ec061000 r--s 00075000 fd:01 27924443                   /home/hauke/repos/goobi/Goobi/webapp/WEB-INF/lib/xmlgraphics-commons-1.3.1.jar
7f06ec061000-7f06ec09e000 r--s 00255000 fd:01 27924442                   /home/hauke/repos/goobi/Goobi/webapp/WEB-INF/lib/xmlbeans-2.4.0.jar
7f06ec09e000-7f06f0000000 rw-p 00000000 00:00 0 
7f06f0000000-7f06f0021000 rw-p 00000000 00:00 0 
7f06f0021000-7f06f4000000 ---p 00000000 00:00 0 
7f06f4000000-7f06f4001000 r--s 00001000 fd:01 27924369                   /home/hauke/repos/goobi/Goobi/webapp/WEB-INF/lib/jgravatar.jar
7f06f4001000-7f06f4004000 r--s 0001b000 fd:01 27924414                   /home/hauke/repos/goobi/Goobi/webapp/WEB-INF/lib/reflections-0.9.9-RC1.jar
7f06f4004000-7f06f4006000 r--s 00015000 fd:01 27924445                   /home/hauke/repos/goobi/Goobi/webapp/WEB-INF/lib/xpp3-1.1.3.3.jar
7f06f4006000-7f06f400b000 r--s 00010000 fd:01 27924440                   /home/hauke/repos/goobi/Goobi/webapp/WEB-INF/lib/xml-apis-ext-1.3.04.jar
7f06f400b000-7f06f400c000 r--s 00001000 fd:01 27924438                   /home/hauke/repos/goobi/Goobi/webapp/WEB-INF/lib/xbean_xpath-2.4.0.jar
7f06f400c000-7f06f4031000 r--s 002dc000 fd:01 27924437                   /home/hauke/repos/goobi/Goobi/webapp/WEB-INF/lib/xalan-2.6.0.jar
7f06f4031000-7f06f4032000 r--s 00004000 fd:01 27924435                   /home/hauke/repos/goobi/Goobi/webapp/WEB-INF/lib/util-0.0.1-SNAPSHOT.jar
7f06f4032000-7f06f403d000 r--s 00066000 fd:01 27924433                   /home/hauke/repos/goobi/Goobi/webapp/WEB-INF/lib/truezip-6.6.jar
7f06f403d000-7f06f403f000 r--s 00005000 fd:01 27924430                   /home/hauke/repos/goobi/Goobi/webapp/WEB-INF/lib/stax-api-1.0.1.jar
7f06f403f000-7f06f4048000 r--s 00058000 fd:01 27924429                   /home/hauke/repos/goobi/Goobi/webapp/WEB-INF/lib/standard.jar
7f06f4048000-7f06f4060000 r--s 0046f000 fd:01 27924421                   /home/hauke/repos/goobi/Goobi/webapp/WEB-INF/lib/saxon9.jar
7f06f4060000-7f06f4062000 r--s 0001a000 fd:01 27924419                   /home/hauke/repos/goobi/Goobi/webapp/WEB-INF/lib/saxon9-dom.jar
7f06f4062000-7f06f4064000 r--s 0000d000 fd:01 27924416                   /home/hauke/repos/goobi/Goobi/webapp/WEB-INF/lib/resolver.jar
7f06f4064000-7f06f406b000 r--s 0006a000 fd:01 27924413                   /home/hauke/repos/goobi/Goobi/webapp/WEB-INF/lib/quartz-all-1.6.5.jar
7f06f406b000-7f06f4081000 r--s 003a5000 fd:01 27924406                   /home/hauke/repos/goobi/Goobi/webapp/WEB-INF/lib/pdfbox-1.7.1.jar
7f06f4081000-7f06f4084000 r--s 0001c000 fd:01 27924405                   /home/hauke/repos/goobi/Goobi/webapp/WEB-INF/lib/oscache-2.3.2.jar
7f06f4084000-7f06f4086000 r--s 0000e000 fd:01 27924404                   /home/hauke/repos/goobi/Goobi/webapp/WEB-INF/lib/oro-2.0.8.jar
7f06f4086000-7f06f4088000 r--s 00064000 fd:01 27924394                   /home/hauke/repos/goobi/Goobi/webapp/WEB-INF/lib/marc4j.jar
7f06f4088000-7f06f408f000 r--s 00072000 fd:01 27924392                   /home/hauke/repos/goobi/Goobi/webapp/WEB-INF/lib/mail.jar
7f06f408f000-7f06f4098000 r--s 0006d000 fd:01 27924390                   /home/hauke/repos/goobi/Goobi/webapp/WEB-INF/lib/log4j-1.2.16.jar
7f06f4098000-7f06f409a000 r--s 00003000 fd:01 27924388                   /home/hauke/repos/goobi/Goobi/webapp/WEB-INF/lib/ki-util.jar
7f06f409a000-7f06f40ba000 r--s 00112000 fd:01 27924387                   /home/hauke/repos/goobi/Goobi/webapp/WEB-INF/lib/ki-jzkit-z3950-1_2_3.jar
7f06f40ba000-7f06f40be000 r--s 00024000 fd:01 27924386                   /home/hauke/repos/goobi/Goobi/webapp/WEB-INF/lib/ki-jzkit-iface-X.jar
7f06f40be000-7f06f40bf000 r--s 00004000 fd:01 27924385                   /home/hauke/repos/goobi/Goobi/webapp/WEB-INF/lib/ki-jzkit-hss-1_2_3.jar
7f06f40bf000-7f06f40c1000 r--s 00002000 fd:01 27924381                   /home/hauke/repos/goobi/Goobi/webapp/WEB-INF/lib/jta-1.1.jar
7f06f40c1000-7f06f40c9000 r--s 00058000 fd:01 27924380                   /home/hauke/repos/goobi/Goobi/webapp/WEB-INF/lib/jstl-impl-1.2.jar
7f06f40c9000-7f06f40cb000 r--s 00006000 fd:01 27924379                   /home/hauke/repos/goobi/Goobi/webapp/WEB-INF/lib/jstl-api-1.2.jar
7f06f40cb000-7f06f40d3000 r--s 00036000 fd:01 27924377                   /home/hauke/repos/goobi/Goobi/webapp/WEB-INF/lib/jspf.core-1.0.0.jar
7f06f40d3000-7f06f40d4000 r--s 00005000 fd:01 27924376                   /home/hauke/repos/goobi/Goobi/webapp/WEB-INF/lib/json-simple-1.1.1.jar
7f06f40d4000-7f06f40e1000 r--s 000f9000 fd:01 27924368                   /home/hauke/repos/goobi/Goobi/webapp/WEB-INF/lib/jfreechart-1.0.0.jar
7f06f40e1000-7f06f40e6000 r--s 00043000 fd:01 27924352                   /home/hauke/repos/goobi/Goobi/webapp/WEB-INF/lib/jcommon-1.0.0.jar
7f06f40e6000-7f06f40e7000 r--s 00002000 fd:01 27924351                   /home/hauke/repos/goobi/Goobi/webapp/WEB-INF/lib/jboss-transaction-api_1.1_spec-1.0.0.Final.jar
7f06f40e7000-7f06f40ed000 r--s 00032000 fd:01 27924349                   /home/hauke/repos/goobi/Goobi/webapp/WEB-INF/lib/jaxen-1.1.1.jar
7f06f40ed000-7f06f40f9000 r--s 00105000 fd:01 27924324                   /home/hauke/repos/goobi/Goobi/webapp/WEB-INF/lib/iText-2.1.5.jar
7f06f40f9000-7f06f5000000 rw-p 00000000 00:00 0 
7f06f5000000-7f06f5380000 rwxp 00000000 00:00 0 
7f06f5380000-7f0704000000 ---p 00000000 00:00 0 
7f0704000000-7f0704e7a000 rw-p 00000000 00:00 0 
7f0704e7a000-7f0708000000 ---p 00000000 00:00 0 
7f0708000000-7f0708002000 r--s 0000d000 fd:01 27924350                   /home/hauke/repos/goobi/Goobi/webapp/WEB-INF/lib/jboss-logging-3.1.0.GA.jar
7f0708002000-7f0708004000 r--s 0000e000 fd:01 27924339                   /home/hauke/repos/goobi/Goobi/webapp/WEB-INF/lib/jakarta-oro.jar
7f0708004000-7f0708005000 r--s 00007000 fd:01 27924327                   /home/hauke/repos/goobi/Goobi/webapp/WEB-INF/lib/intrandaChart_1.4.jar
7f0708005000-7f0708009000 r--s 0000e000 fd:01 27924318                   /home/hauke/repos/goobi/Goobi/webapp/WEB-INF/lib/htmLib.jar
7f0708009000-7f0708011000 r--s 00041000 fd:01 27924311                   /home/hauke/repos/goobi/Goobi/webapp/WEB-INF/lib/goobi-api.jar
7f0708011000-7f0708015000 r--s 0002b000 fd:01 27924307                   /home/hauke/repos/goobi/Goobi/webapp/WEB-INF/lib/fontbox-1.7.1.jar
7f0708015000-7f0708018000 r--s 00018000 fd:01 27924305                   /home/hauke/repos/goobi/Goobi/webapp/WEB-INF/lib/el-impl-2.2.jar
7f0708018000-7f0708019000 r--s 00001000 fd:01 27924260                   /home/hauke/repos/goobi/Goobi/webapp/WEB-INF/lib/EasySI-0.9.0.jar
7f0708019000-7f070801e000 r--s 00048000 fd:01 27924304                   /home/hauke/repos/goobi/Goobi/webapp/WEB-INF/lib/dom4j-1.6.1.jar
7f070801e000-7f0708022000 r--s 0003c000 fd:01 27924297                   /home/hauke/repos/goobi/Goobi/webapp/WEB-INF/lib/commons-lang-2.4.jar
7f0708022000-7f0708027000 r--s 00041000 fd:01 27924296                   /home/hauke/repos/goobi/Goobi/webapp/WEB-INF/lib/commons-jxpath-1.2.jar
7f0708027000-7f070802a000 r--s 00019000 fd:01 27924292                   /home/hauke/repos/goobi/Goobi/webapp/WEB-INF/lib/commons-el-1.0.jar
7f070802a000-7f070802d000 r--s 00010000 fd:01 27924291                   /home/hauke/repos/goobi/Goobi/webapp/WEB-INF/lib/commons-discovery-0.4.jar
7f070802d000-7f0708031000 r--s 00020000 fd:01 27924290                   /home/hauke/repos/goobi/Goobi/webapp/WEB-INF/lib/commons-digester-1.8.jar
7f0708031000-7f0708034000 r--s 00010000 fd:01 27924289                   /home/hauke/repos/goobi/Goobi/webapp/WEB-INF/lib/commons-dbutils-1.6-SNAPSHOT.jar
7f0708034000-7f070803a000 r--s 00043000 fd:01 27924286                   /home/hauke/repos/goobi/Goobi/webapp/WEB-INF/lib/commons-configuration-1.6.jar
7f070803a000-7f070803f000 r--s 00036000 fd:01 27924285                   /home/hauke/repos/goobi/Goobi/webapp/WEB-INF/lib/commons-compress-1.4.jar
7f070803f000-7f0708041000 r--s 00009000 fd:01 27924281                   /home/hauke/repos/goobi/Goobi/webapp/WEB-INF/lib/commons-cli-1.2.jar
7f0708041000-7f0708043000 r--s 0000f000 fd:01 27924279                   /home/hauke/repos/goobi/Goobi/webapp/WEB-INF/lib/clibwrapper_jiio.jar
7f0708043000-7f070804a000 r--s 0003e000 fd:01 27924275                   /home/hauke/repos/goobi/Goobi/webapp/WEB-INF/lib/cglib-2.2.jar
7f070804a000-7f0708050000 r--s 0003c000 fd:01 27924272                   /home/hauke/repos/goobi/Goobi/webapp/WEB-INF/lib/barcode4j-fop-ext-complete.jar
7f0708050000-7f0708054000 r--s 00011000 fd:01 27924270                   /home/hauke/repos/goobi/Goobi/webapp/WEB-INF/lib/avalon-framework-4.2.0.jar
7f0708054000-7f0708059000 r--s 00068000 fd:01 27924266                   /home/hauke/repos/goobi/Goobi/webapp/WEB-INF/lib/antlr-2.7.7.jar
7f0708059000-7f070805b000 r--s 00008000 fd:01 27924262                   /home/hauke/repos/goobi/Goobi/webapp/WEB-INF/lib/a2jruntime.jar
7f070805b000-7f0708063000 r--s 00045000 fd:01 17461799                   /home/hauke/eclipse/plugins/org.junit_4.12.0.v201504281640/junit.jar
7f0708063000-7f070807e000 r--s 001d6000 fd:01 5113151                    /usr/lib/jvm/java-8-openjdk-amd64/jre/lib/ext/nashorn.jar
7f070807e000-7f0708099000 r--s 00394000 fd:01 5113146                    /usr/lib/jvm/java-8-openjdk-amd64/jre/lib/ext/cldrdata.jar
7f0708099000-7f070859e000 rw-p 00000000 00:00 0 
7f070859e000-7f070876d000 r--s 03c32000 fd:01 5113172                    /usr/lib/jvm/java-8-openjdk-amd64/jre/lib/rt.jar
7f070876d000-7f0708bb9000 rw-p 00000000 00:00 0 
7f0708bb9000-7f0708bba000 ---p 00000000 00:00 0 
7f0708bba000-7f0708cba000 rw-p 00000000 00:00 0 
7f0708cba000-7f0708cbb000 ---p 00000000 00:00 0 
7f0708cbb000-7f0708dbb000 rw-p 00000000 00:00 0 
7f0708dbb000-7f0708dbc000 ---p 00000000 00:00 0 
7f0708dbc000-7f0708ebc000 rw-p 00000000 00:00 0 
7f0708ebc000-7f0708ebd000 ---p 00000000 00:00 0 
7f0708ebd000-7f0708fe7000 rw-p 00000000 00:00 0 
7f0708fe7000-7f070924c000 ---p 00000000 00:00 0 
7f070924c000-7f0709276000 rw-p 00000000 00:00 0 
7f0709276000-7f07094da000 ---p 00000000 00:00 0 
7f07094da000-7f07094f0000 rw-p 00000000 00:00 0 
7f07094f0000-7f0709622000 ---p 00000000 00:00 0 
7f0709622000-7f0709631000 rw-p 00000000 00:00 0 
7f0709631000-7f07099e3000 ---p 00000000 00:00 0 
7f07099e3000-7f07099eb000 r-xp 00000000 fd:01 5113135                    /usr/lib/jvm/java-8-openjdk-amd64/jre/lib/amd64/libzip.so
7f07099eb000-7f0709bea000 ---p 00008000 fd:01 5113135                    /usr/lib/jvm/java-8-openjdk-amd64/jre/lib/amd64/libzip.so
7f0709bea000-7f0709beb000 r--p 00007000 fd:01 5113135                    /usr/lib/jvm/java-8-openjdk-amd64/jre/lib/amd64/libzip.so
7f0709beb000-7f0709bec000 rw-p 00008000 fd:01 5113135                    /usr/lib/jvm/java-8-openjdk-amd64/jre/lib/amd64/libzip.so
7f0709bec000-7f0709bf7000 r-xp 00000000 fd:01 28709640                   /lib/x86_64-linux-gnu/libnss_files-2.27.so
7f0709bf7000-7f0709df6000 ---p 0000b000 fd:01 28709640                   /lib/x86_64-linux-gnu/libnss_files-2.27.so
7f0709df6000-7f0709df7000 r--p 0000a000 fd:01 28709640                   /lib/x86_64-linux-gnu/libnss_files-2.27.so
7f0709df7000-7f0709df8000 rw-p 0000b000 fd:01 28709640                   /lib/x86_64-linux-gnu/libnss_files-2.27.so
7f0709df8000-7f0709dfe000 rw-p 00000000 00:00 0 
7f0709dfe000-7f0709e15000 r-xp 00000000 fd:01 28709634                   /lib/x86_64-linux-gnu/libnsl-2.27.so
7f0709e15000-7f070a014000 ---p 00017000 fd:01 28709634                   /lib/x86_64-linux-gnu/libnsl-2.27.so
7f070a014000-7f070a015000 r--p 00016000 fd:01 28709634                   /lib/x86_64-linux-gnu/libnsl-2.27.so
7f070a015000-7f070a016000 rw-p 00017000 fd:01 28709634                   /lib/x86_64-linux-gnu/libnsl-2.27.so
7f070a016000-7f070a018000 rw-p 00000000 00:00 0 
7f070a018000-7f070a023000 r-xp 00000000 fd:01 28709644                   /lib/x86_64-linux-gnu/libnss_nis-2.27.so
7f070a023000-7f070a222000 ---p 0000b000 fd:01 28709644                   /lib/x86_64-linux-gnu/libnss_nis-2.27.so
7f070a222000-7f070a223000 r--p 0000a000 fd:01 28709644                   /lib/x86_64-linux-gnu/libnss_nis-2.27.so
7f070a223000-7f070a224000 rw-p 0000b000 fd:01 28709644                   /lib/x86_64-linux-gnu/libnss_nis-2.27.so
7f070a224000-7f070a22c000 r-xp 00000000 fd:01 28709636                   /lib/x86_64-linux-gnu/libnss_compat-2.27.so
7f070a22c000-7f070a42c000 ---p 00008000 fd:01 28709636                   /lib/x86_64-linux-gnu/libnss_compat-2.27.so
7f070a42c000-7f070a42d000 r--p 00008000 fd:01 28709636                   /lib/x86_64-linux-gnu/libnss_compat-2.27.so
7f070a42d000-7f070a42e000 rw-p 00009000 fd:01 28709636                   /lib/x86_64-linux-gnu/libnss_compat-2.27.so
7f070a42e000-7f070a438000 r-xp 00000000 fd:01 5113111                    /usr/lib/jvm/java-8-openjdk-amd64/jre/lib/amd64/libinstrument.so
7f070a438000-7f070a637000 ---p 0000a000 fd:01 5113111                    /usr/lib/jvm/java-8-openjdk-amd64/jre/lib/amd64/libinstrument.so
7f070a637000-7f070a638000 r--p 00009000 fd:01 5113111                    /usr/lib/jvm/java-8-openjdk-amd64/jre/lib/amd64/libinstrument.so
7f070a638000-7f070a639000 rw-p 0000a000 fd:01 5113111                    /usr/lib/jvm/java-8-openjdk-amd64/jre/lib/amd64/libinstrument.so
7f070a639000-7f070a96f000 r--p 00000000 fd:01 1448508                    /usr/lib/locale/locale-archive
7f070a96f000-7f070a971000 r-xp 00000000 fd:01 5113129                    /usr/lib/jvm/java-8-openjdk-amd64/jre/lib/amd64/libnpt.so
7f070a971000-7f070ab71000 ---p 00002000 fd:01 5113129                    /usr/lib/jvm/java-8-openjdk-amd64/jre/lib/amd64/libnpt.so
7f070ab71000-7f070ab72000 r--p 00002000 fd:01 5113129                    /usr/lib/jvm/java-8-openjdk-amd64/jre/lib/amd64/libnpt.so
7f070ab72000-7f070ab73000 rw-p 00003000 fd:01 5113129                    /usr/lib/jvm/java-8-openjdk-amd64/jre/lib/amd64/libnpt.so
7f070ab73000-7f070abae000 r-xp 00000000 fd:01 5113121                    /usr/lib/jvm/java-8-openjdk-amd64/jre/lib/amd64/libjdwp.so
7f070abae000-7f070adad000 ---p 0003b000 fd:01 5113121                    /usr/lib/jvm/java-8-openjdk-amd64/jre/lib/amd64/libjdwp.so
7f070adad000-7f070adae000 r--p 0003a000 fd:01 5113121                    /usr/lib/jvm/java-8-openjdk-amd64/jre/lib/amd64/libjdwp.so
7f070adae000-7f070adaf000 rw-p 0003b000 fd:01 5113121                    /usr/lib/jvm/java-8-openjdk-amd64/jre/lib/amd64/libjdwp.so
7f070adaf000-7f070addd000 r-xp 00000000 fd:01 5113116                    /usr/lib/jvm/java-8-openjdk-amd64/jre/lib/amd64/libjava.so
7f070addd000-7f070afdc000 ---p 0002e000 fd:01 5113116                    /usr/lib/jvm/java-8-openjdk-amd64/jre/lib/amd64/libjava.so
7f070afdc000-7f070afdd000 r--p 0002d000 fd:01 5113116                    /usr/lib/jvm/java-8-openjdk-amd64/jre/lib/amd64/libjava.so
7f070afdd000-7f070afdf000 rw-p 0002e000 fd:01 5113116                    /usr/lib/jvm/java-8-openjdk-amd64/jre/lib/amd64/libjava.so
7f070afdf000-7f070afef000 r-xp 00000000 fd:01 5113134                    /usr/lib/jvm/java-8-openjdk-amd64/jre/lib/amd64/libverify.so
7f070afef000-7f070b1ee000 ---p 00010000 fd:01 5113134                    /usr/lib/jvm/java-8-openjdk-amd64/jre/lib/amd64/libverify.so
7f070b1ee000-7f070b1f0000 r--p 0000f000 fd:01 5113134                    /usr/lib/jvm/java-8-openjdk-amd64/jre/lib/amd64/libverify.so
7f070b1f0000-7f070b1f1000 rw-p 00011000 fd:01 5113134                    /usr/lib/jvm/java-8-openjdk-amd64/jre/lib/amd64/libverify.so
7f070b1f1000-7f070b1f8000 r-xp 00000000 fd:01 28709654                   /lib/x86_64-linux-gnu/librt-2.27.so
7f070b1f8000-7f070b3f7000 ---p 00007000 fd:01 28709654                   /lib/x86_64-linux-gnu/librt-2.27.so
7f070b3f7000-7f070b3f8000 r--p 00006000 fd:01 28709654                   /lib/x86_64-linux-gnu/librt-2.27.so
7f070b3f8000-7f070b3f9000 rw-p 00007000 fd:01 28709654                   /lib/x86_64-linux-gnu/librt-2.27.so
7f070b3f9000-7f070b410000 r-xp 00000000 fd:01 28704926                   /lib/x86_64-linux-gnu/libgcc_s.so.1
7f070b410000-7f070b60f000 ---p 00017000 fd:01 28704926                   /lib/x86_64-linux-gnu/libgcc_s.so.1
7f070b60f000-7f070b610000 r--p 00016000 fd:01 28704926                   /lib/x86_64-linux-gnu/libgcc_s.so.1
7f070b610000-7f070b611000 rw-p 00017000 fd:01 28704926                   /lib/x86_64-linux-gnu/libgcc_s.so.1
7f070b611000-7f070b7ae000 r-xp 00000000 fd:01 28709628                   /lib/x86_64-linux-gnu/libm-2.27.so
7f070b7ae000-7f070b9ad000 ---p 0019d000 fd:01 28709628                   /lib/x86_64-linux-gnu/libm-2.27.so
7f070b9ad000-7f070b9ae000 r--p 0019c000 fd:01 28709628                   /lib/x86_64-linux-gnu/libm-2.27.so
7f070b9ae000-7f070b9af000 rw-p 0019d000 fd:01 28709628                   /lib/x86_64-linux-gnu/libm-2.27.so
7f070b9af000-7f070bb2d000 r-xp 00000000 fd:01 1442635                    /usr/lib/x86_64-linux-gnu/libstdc++.so.6.0.25
7f070bb2d000-7f070bd2d000 ---p 0017e000 fd:01 1442635                    /usr/lib/x86_64-linux-gnu/libstdc++.so.6.0.25
7f070bd2d000-7f070bd37000 r--p 0017e000 fd:01 1442635                    /usr/lib/x86_64-linux-gnu/libstdc++.so.6.0.25
7f070bd37000-7f070bd39000 rw-p 00188000 fd:01 1442635                    /usr/lib/x86_64-linux-gnu/libstdc++.so.6.0.25
7f070bd39000-7f070bd3d000 rw-p 00000000 00:00 0 
7f070bd3d000-7f070c9d2000 r-xp 00000000 fd:01 5113137                    /usr/lib/jvm/java-8-openjdk-amd64/jre/lib/amd64/server/libjvm.so
7f070c9d2000-7f070cbd1000 ---p 00c95000 fd:01 5113137                    /usr/lib/jvm/java-8-openjdk-amd64/jre/lib/amd64/server/libjvm.so
7f070cbd1000-7f070cc65000 r--p 00c94000 fd:01 5113137                    /usr/lib/jvm/java-8-openjdk-amd64/jre/lib/amd64/server/libjvm.so
7f070cc65000-7f070cc8d000 rw-p 00d28000 fd:01 5113137                    /usr/lib/jvm/java-8-openjdk-amd64/jre/lib/amd64/server/libjvm.so
7f070cc8d000-7f070ccbe000 rw-p 00000000 00:00 0 
7f070ccbe000-7f070ccd8000 r-xp 00000000 fd:01 28709650                   /lib/x86_64-linux-gnu/libpthread-2.27.so
7f070ccd8000-7f070ced7000 ---p 0001a000 fd:01 28709650                   /lib/x86_64-linux-gnu/libpthread-2.27.so
7f070ced7000-7f070ced8000 r--p 00019000 fd:01 28709650                   /lib/x86_64-linux-gnu/libpthread-2.27.so
7f070ced8000-7f070ced9000 rw-p 0001a000 fd:01 28709650                   /lib/x86_64-linux-gnu/libpthread-2.27.so
7f070ced9000-7f070cedd000 rw-p 00000000 00:00 0 
7f070cedd000-7f070cee0000 r-xp 00000000 fd:01 28709626                   /lib/x86_64-linux-gnu/libdl-2.27.so
7f070cee0000-7f070d0df000 ---p 00003000 fd:01 28709626                   /lib/x86_64-linux-gnu/libdl-2.27.so
7f070d0df000-7f070d0e0000 r--p 00002000 fd:01 28709626                   /lib/x86_64-linux-gnu/libdl-2.27.so
7f070d0e0000-7f070d0e1000 rw-p 00003000 fd:01 28709626                   /lib/x86_64-linux-gnu/libdl-2.27.so
7f070d0e1000-7f070d0fd000 r-xp 00000000 fd:01 28704933                   /lib/x86_64-linux-gnu/libz.so.1.2.11
7f070d0fd000-7f070d2fc000 ---p 0001c000 fd:01 28704933                   /lib/x86_64-linux-gnu/libz.so.1.2.11
7f070d2fc000-7f070d2fd000 r--p 0001b000 fd:01 28704933                   /lib/x86_64-linux-gnu/libz.so.1.2.11
7f070d2fd000-7f070d2fe000 rw-p 0001c000 fd:01 28704933                   /lib/x86_64-linux-gnu/libz.so.1.2.11
7f070d2fe000-7f070d4e5000 r-xp 00000000 fd:01 28709620                   /lib/x86_64-linux-gnu/libc-2.27.so
7f070d4e5000-7f070d6e5000 ---p 001e7000 fd:01 28709620                   /lib/x86_64-linux-gnu/libc-2.27.so
7f070d6e5000-7f070d6e9000 r--p 001e7000 fd:01 28709620                   /lib/x86_64-linux-gnu/libc-2.27.so
7f070d6e9000-7f070d6eb000 rw-p 001eb000 fd:01 28709620                   /lib/x86_64-linux-gnu/libc-2.27.so
7f070d6eb000-7f070d6ef000 rw-p 00000000 00:00 0 
7f070d6ef000-7f070d6fd000 r-xp 00000000 fd:01 5113102                    /usr/lib/jvm/java-8-openjdk-amd64/jre/lib/amd64/jli/libjli.so
7f070d6fd000-7f070d8fc000 ---p 0000e000 fd:01 5113102                    /usr/lib/jvm/java-8-openjdk-amd64/jre/lib/amd64/jli/libjli.so
7f070d8fc000-7f070d8fd000 r--p 0000d000 fd:01 5113102                    /usr/lib/jvm/java-8-openjdk-amd64/jre/lib/amd64/jli/libjli.so
7f070d8fd000-7f070d8fe000 rw-p 0000e000 fd:01 5113102                    /usr/lib/jvm/java-8-openjdk-amd64/jre/lib/amd64/jli/libjli.so
7f070d8fe000-7f070d925000 r-xp 00000000 fd:01 28704790                   /lib/x86_64-linux-gnu/ld-2.27.so
7f070d925000-7f070d926000 r--s 0000a000 fd:01 27924267                   /home/hauke/repos/goobi/Goobi/webapp/WEB-INF/lib/asm-3.1.jar
7f070d926000-7f070d928000 r--s 0000f000 fd:01 17461785                   /home/hauke/eclipse/plugins/org.hamcrest.core_1.3.0.v20180420-1519.jar
7f070d928000-7f070d92e000 r--s 0003b000 fd:01 5113153                    /usr/lib/jvm/java-8-openjdk-amd64/jre/lib/ext/sunjce_provider.jar
7f070d92e000-7f070d931000 r--s 0000f000 fd:01 5113148                    /usr/lib/jvm/java-8-openjdk-amd64/jre/lib/ext/icedtea-sound.jar
7f070d931000-7f070da01000 rw-p 00000000 00:00 0 
7f070da01000-7f070da02000 ---p 00000000 00:00 0 
7f070da02000-7f070da05000 ---p 00000000 00:00 0 
7f070da05000-7f070db04000 rw-p 00000000 00:00 0 
7f070db04000-7f070db06000 r--s 00008000 fd:01 5113152                    /usr/lib/jvm/java-8-openjdk-amd64/jre/lib/ext/sunec.jar
7f070db06000-7f070db09000 r--s 00038000 fd:01 5113154                    /usr/lib/jvm/java-8-openjdk-amd64/jre/lib/ext/sunpkcs11.jar
7f070db09000-7f070db0a000 r--s 00010000 fd:01 5113155                    /usr/lib/jvm/java-8-openjdk-amd64/jre/lib/ext/zipfs.jar
7f070db0a000-7f070db0c000 r--s 00001000 fd:01 5113147                    /usr/lib/jvm/java-8-openjdk-amd64/jre/lib/ext/dnsns.jar
7f070db0c000-7f070db0e000 r--s 00007000 fd:01 3541458                    /usr/share/java/java-atk-wrapper.jar
7f070db0e000-7f070db0f000 r--s 0000a000 fd:01 5113149                    /usr/lib/jvm/java-8-openjdk-amd64/jre/lib/ext/jaccess.jar
7f070db0f000-7f070db19000 r--s 00116000 fd:01 5113150                    /usr/lib/jvm/java-8-openjdk-amd64/jre/lib/ext/localedata.jar
7f070db19000-7f070db21000 rw-s 00000000 fd:01 8655598                    /tmp/hsperfdata_hauke/31341
7f070db21000-7f070db22000 rw-p 00000000 00:00 0 
7f070db22000-7f070db23000 r--p 00000000 00:00 0 
7f070db23000-7f070db25000 rw-p 00000000 00:00 0 
7f070db25000-7f070db26000 r--p 00027000 fd:01 28704790                   /lib/x86_64-linux-gnu/ld-2.27.so
7f070db26000-7f070db27000 rw-p 00028000 fd:01 28704790                   /lib/x86_64-linux-gnu/ld-2.27.so
7f070db27000-7f070db28000 rw-p 00000000 00:00 0 
7ffc42a4d000-7ffc42a71000 rw-p 00000000 00:00 0                          [stack]
7ffc42ade000-7ffc42ae1000 r--p 00000000 00:00 0                          [vvar]
7ffc42ae1000-7ffc42ae3000 r-xp 00000000 00:00 0                          [vdso]
ffffffffff600000-ffffffffff601000 r-xp 00000000 00:00 0                  [vsyscall]

VM Arguments:
jvm_args: -agentlib:jdwp=transport=dt_socket,suspend=y,address=localhost:33653 -ea -javaagent:/home/hauke/eclipse/configuration/org.eclipse.osgi/413/0/.cp/lib/javaagent-shaded.jar -Dfile.encoding=UTF-8 
java_command: org.eclipse.jdt.internal.junit.runner.RemoteTestRunner -version 3 -port 39529 -testLoaderClass org.eclipse.jdt.internal.junit4.runner.JUnit4TestLoader -loaderpluginname org.eclipse.jdt.junit4.runtime -classNames de.intranda.goobi.plugins.ImageQAPluginTest
java_class_path (initial): /home/hauke/git/goobi-plugin-step-imageqa/ImageQAPlugin/bin:/home/hauke/eclipse/plugins/org.junit_4.12.0.v201504281640/junit.jar:/home/hauke/eclipse/plugins/org.hamcrest.core_1.3.0.v20180420-1519.jar:/home/hauke/repos/goobi/Goobi/webapp/WEB-INF/classes:/home/hauke/repos/goobi/Goobi/webapp/WEB-INF/lib/a2jruntime.jar:/home/hauke/repos/goobi/Goobi/webapp/WEB-INF/lib/antlr-2.7.7.jar:/home/hauke/repos/goobi/Goobi/webapp/WEB-INF/lib/asm-3.1.jar:/home/hauke/repos/goobi/Goobi/webapp/WEB-INF/lib/avalon-framework-4.2.0.jar:/home/hauke/repos/goobi/Goobi/webapp/WEB-INF/lib/barcode4j-fop-ext-complete.jar:/home/hauke/repos/goobi/Goobi/webapp/WEB-INF/lib/cglib-2.2.jar:/home/hauke/repos/goobi/Goobi/webapp/WEB-INF/lib/clibwrapper_jiio.jar:/home/hauke/repos/goobi/Goobi/webapp/WEB-INF/lib/commons-cli-1.2.jar:/home/hauke/repos/goobi/Goobi/webapp/WEB-INF/lib/commons-compress-1.4.jar:/home/hauke/repos/goobi/Goobi/webapp/WEB-INF/lib/commons-configuration-1.6.jar:/home/hauke/repos/goobi/Goobi/webapp/WEB-INF/lib/commons-dbutils-1.6-SNAPSHOT.jar:/home/hauke/repos/goobi/Goobi/webapp/WEB-INF/lib/commons-digester-1.8.jar:/home/hauke/repos/goobi/Goobi/webapp/WEB-INF/lib/commons-discovery-0.4.jar:/home/hauke/repos/goobi/Goobi/webapp/WEB-INF/lib/commons-el-1.0.jar:/home/hauke/repos/goobi/Goobi/webapp/WEB-INF/lib/commons-jxpath-1.2.jar:/home/hauke/repos/goobi/Goobi/webapp/WEB-INF/lib/commons-lang-2.4.jar:/home/hauke/repos/goobi/Goobi/webapp/WEB-INF/lib/dom4j-1.6.1.jar:/home/hauke/repos/goobi/Goobi/webapp/WEB-INF/lib/EasySI-0.9.0.jar:/home/hauke/repos/goobi/Goobi/webapp/WEB-INF/lib/el-impl-2.2.jar:/home/hauke/repos/goobi/Goobi/webapp/WEB-INF/lib/fontbox-1.7.1.jar:/home/hauke/repos/goobi/Goobi/webapp/WEB-INF/lib/goobi-api.jar:/home/hauke/repos/goobi/Goobi/webapp/WEB-INF/lib/htmLib.jar:/home/hauke/repos/goobi/Goobi/webapp/WEB-INF/lib/intrandaChart_1.4.jar:/home/hauke/repos/goobi/Goobi/webapp/WEB-INF/lib/iText-2.1.5.jar:/home/hauke/repos/goobi/Goobi/webapp/WEB-INF/lib/jakar
Launcher Type: SUN_STANDARD

Environment Variables:
PATH=/usr/local/sbin:/usr/local/bin:/usr/sbin:/usr/bin:/sbin:/bin:/usr/games:/usr/local/games:/snap/bin
USERNAME=hauke
SHELL=/bin/bash
DISPLAY=:0

Signal Handlers:
SIGSEGV: [libjvm.so+0xaaf3a0], sa_mask[0]=11111111011111111101111111111110, sa_flags=SA_RESTART|SA_SIGINFO
SIGBUS: [libjvm.so+0xaaf3a0], sa_mask[0]=11111111011111111101111111111110, sa_flags=SA_RESTART|SA_SIGINFO
SIGFPE: [libjvm.so+0x8e52e0], sa_mask[0]=11111111011111111101111111111110, sa_flags=SA_RESTART|SA_SIGINFO
SIGPIPE: [libjvm.so+0x8e52e0], sa_mask[0]=11111111011111111101111111111110, sa_flags=SA_RESTART|SA_SIGINFO
SIGXFSZ: [libjvm.so+0x8e52e0], sa_mask[0]=11111111011111111101111111111110, sa_flags=SA_RESTART|SA_SIGINFO
SIGILL: [libjvm.so+0x8e52e0], sa_mask[0]=11111111011111111101111111111110, sa_flags=SA_RESTART|SA_SIGINFO
SIGUSR1: SIG_DFL, sa_mask[0]=00000000000000000000000000000000, sa_flags=none
SIGUSR2: [libjvm.so+0x8e5190], sa_mask[0]=00100000000000000000000000000000, sa_flags=SA_RESTART|SA_SIGINFO
SIGHUP: [libjvm.so+0x8e5640], sa_mask[0]=11111111011111111101111111111110, sa_flags=SA_RESTART|SA_SIGINFO
SIGINT: [libjvm.so+0x8e5640], sa_mask[0]=11111111011111111101111111111110, sa_flags=SA_RESTART|SA_SIGINFO
SIGTERM: [libjvm.so+0x8e5640], sa_mask[0]=11111111011111111101111111111110, sa_flags=SA_RESTART|SA_SIGINFO
SIGQUIT: [libjvm.so+0x8e5640], sa_mask[0]=11111111011111111101111111111110, sa_flags=SA_RESTART|SA_SIGINFO


---------------  S Y S T E M  ---------------

OS:DISTRIB_ID=Ubuntu
DISTRIB_RELEASE=18.04
DISTRIB_CODENAME=bionic
DISTRIB_DESCRIPTION="Ubuntu 18.04.1 LTS"

uname:Linux 4.15.0-33-generic #36-Ubuntu SMP Wed Aug 15 16:00:05 UTC 2018 x86_64
libc:glibc 2.27 NPTL 2.27 
rlimit: STACK 8192k, CORE 0k, NPROC 31167, NOFILE 1048576, AS infinity
load average:1,63 1,35 0,99

/proc/meminfo:
MemTotal:        8042408 kB
MemFree:          206016 kB
MemAvailable:     510588 kB
Buffers:           49216 kB
Cached:          1399796 kB
SwapCached:        37128 kB
Active:          6361316 kB
Inactive:        1121196 kB
Active(anon):    6113716 kB
Inactive(anon):   890652 kB
Active(file):     247600 kB
Inactive(file):   230544 kB
Unevictable:          64 kB
Mlocked:              64 kB
SwapTotal:       8261628 kB
SwapFree:        7716092 kB
Dirty:               260 kB
Writeback:             0 kB
AnonPages:       6009932 kB
Mapped:           993500 kB
Shmem:           1071200 kB
Slab:             192668 kB
SReclaimable:      91528 kB
SUnreclaim:       101140 kB
KernelStack:       17136 kB
PageTables:        68936 kB
NFS_Unstable:          0 kB
Bounce:                0 kB
WritebackTmp:          0 kB
CommitLimit:    12282832 kB
Committed_AS:   15199264 kB
VmallocTotal:   34359738367 kB
VmallocUsed:           0 kB
VmallocChunk:          0 kB
HardwareCorrupted:     0 kB
AnonHugePages:         0 kB
ShmemHugePages:        0 kB
ShmemPmdMapped:        0 kB
CmaTotal:              0 kB
CmaFree:               0 kB
HugePages_Total:       0
HugePages_Free:        0
HugePages_Rsvd:        0
HugePages_Surp:        0
Hugepagesize:       2048 kB
DirectMap4k:      420688 kB
DirectMap2M:     7841792 kB
DirectMap1G:     1048576 kB


CPU:total 4 (initial active 4) (2 cores per cpu, 2 threads per core) family 6 model 60 stepping 3, cmov, cx8, fxsr, mmx, sse, sse2, sse3, ssse3, sse4.1, sse4.2, popcnt, avx, avx2, aes, clmul, erms, lzcnt, ht, tsc, tscinvbit, bmi1, bmi2

/proc/cpuinfo:
processor	: 0
vendor_id	: GenuineIntel
cpu family	: 6
model		: 60
model name	: Intel(R) Core(TM) i3-4330 CPU @ 3.50GHz
stepping	: 3
microcode	: 0x24
cpu MHz		: 3492.013
cache size	: 4096 KB
physical id	: 0
siblings	: 4
core id		: 0
cpu cores	: 2
apicid		: 0
initial apicid	: 0
fpu		: yes
fpu_exception	: yes
cpuid level	: 13
wp		: yes
flags		: fpu vme de pse tsc msr pae mce cx8 apic sep mtrr pge mca cmov pat pse36 clflush dts acpi mmx fxsr sse sse2 ss ht tm pbe syscall nx pdpe1gb rdtscp lm constant_tsc arch_perfmon pebs bts rep_good nopl xtopology nonstop_tsc cpuid aperfmperf pni pclmulqdq dtes64 monitor ds_cpl vmx est tm2 ssse3 sdbg fma cx16 xtpr pdcm pcid sse4_1 sse4_2 movbe popcnt tsc_deadline_timer aes xsave avx f16c rdrand lahf_lm abm cpuid_fault epb invpcid_single pti ibrs ibpb stibp tpr_shadow vnmi flexpriority ept vpid fsgsbase tsc_adjust bmi1 avx2 smep bmi2 erms invpcid xsaveopt dtherm arat pln pts
bugs		: cpu_meltdown spectre_v1 spectre_v2 spec_store_bypass l1tf
bogomips	: 6984.02
clflush size	: 64
cache_alignment	: 64
address sizes	: 39 bits physical, 48 bits virtual
power management:

processor	: 1
vendor_id	: GenuineIntel
cpu family	: 6
model		: 60
model name	: Intel(R) Core(TM) i3-4330 CPU @ 3.50GHz
stepping	: 3
microcode	: 0x24
cpu MHz		: 3492.013
cache size	: 4096 KB
physical id	: 0
siblings	: 4
core id		: 1
cpu cores	: 2
apicid		: 2
initial apicid	: 2
fpu		: yes
fpu_exception	: yes
cpuid level	: 13
wp		: yes
flags		: fpu vme de pse tsc msr pae mce cx8 apic sep mtrr pge mca cmov pat pse36 clflush dts acpi mmx fxsr sse sse2 ss ht tm pbe syscall nx pdpe1gb rdtscp lm constant_tsc arch_perfmon pebs bts rep_good nopl xtopology nonstop_tsc cpuid aperfmperf pni pclmulqdq dtes64 monitor ds_cpl vmx est tm2 ssse3 sdbg fma cx16 xtpr pdcm pcid sse4_1 sse4_2 movbe popcnt tsc_deadline_timer aes xsave avx f16c rdrand lahf_lm abm cpuid_fault epb invpcid_single pti ibrs ibpb stibp tpr_shadow vnmi flexpriority ept vpid fsgsbase tsc_adjust bmi1 avx2 smep bmi2 erms invpcid xsaveopt dtherm arat pln pts
bugs		: cpu_meltdown spectre_v1 spectre_v2 spec_store_bypass l1tf
bogomips	: 6984.02
clflush size	: 64
cache_alignment	: 64
address sizes	: 39 bits physical, 48 bits virtual
power management:

processor	: 2
vendor_id	: GenuineIntel
cpu family	: 6
model		: 60
model name	: Intel(R) Core(TM) i3-4330 CPU @ 3.50GHz
stepping	: 3
microcode	: 0x24
cpu MHz		: 3492.391
cache size	: 4096 KB
physical id	: 0
siblings	: 4
core id		: 0
cpu cores	: 2
apicid		: 1
initial apicid	: 1
fpu		: yes
fpu_exception	: yes
cpuid level	: 13
wp		: yes
flags		: fpu vme de pse tsc msr pae mce cx8 apic sep mtrr pge mca cmov pat pse36 clflush dts acpi mmx fxsr sse sse2 ss ht tm pbe syscall nx pdpe1gb rdtscp lm constant_tsc arch_perfmon pebs bts rep_good nopl xtopology nonstop_tsc cpuid aperfmperf pni pclmulqdq dtes64 monitor ds_cpl vmx est tm2 ssse3 sdbg fma cx16 xtpr pdcm pcid sse4_1 sse4_2 movbe popcnt tsc_deadline_timer aes xsave avx f16c rdrand lahf_lm abm cpuid_fault epb invpcid_single pti ibrs ibpb stibp tpr_shadow vnmi flexpriority ept vpid fsgsbase tsc_adjust bmi1 avx2 smep bmi2 erms invpcid xsaveopt dtherm arat pln pts
bugs		: cpu_meltdown spectre_v1 spectre_v2 spec_store_bypass l1tf
bogomips	: 6984.02
clflush size	: 64
cache_alignment	: 64
address sizes	: 39 bits physical, 48 bits virtual
power management:

processor	: 3
vendor_id	: GenuineIntel
cpu family	: 6
model		: 60
model name	: Intel(R) Core(TM) i3-4330 CPU @ 3.50GHz
stepping	: 3
microcode	: 0x24
cpu MHz		: 3492.014
cache size	: 4096 KB
physical id	: 0
siblings	: 4
core id		: 1
cpu cores	: 2
apicid		: 3
initial apicid	: 3
fpu		: yes
fpu_exception	: yes
cpuid level	: 13
wp		: yes
flags		: fpu vme de pse tsc msr pae mce cx8 apic sep mtrr pge mca cmov pat pse36 clflush dts acpi mmx fxsr sse sse2 ss ht tm pbe syscall nx pdpe1gb rdtscp lm constant_tsc arch_perfmon pebs bts rep_good nopl xtopology nonstop_tsc cpuid aperfmperf pni pclmulqdq dtes64 monitor ds_cpl vmx est tm2 ssse3 sdbg fma cx16 xtpr pdcm pcid sse4_1 sse4_2 movbe popcnt tsc_deadline_timer aes xsave avx f16c rdrand lahf_lm abm cpuid_fault epb invpcid_single pti ibrs ibpb stibp tpr_shadow vnmi flexpriority ept vpid fsgsbase tsc_adjust bmi1 avx2 smep bmi2 erms invpcid xsaveopt dtherm arat pln pts
bugs		: cpu_meltdown spectre_v1 spectre_v2 spec_store_bypass l1tf
bogomips	: 6984.02
clflush size	: 64
cache_alignment	: 64
address sizes	: 39 bits physical, 48 bits virtual
power management:



Memory: 4k page, physical 8042408k(206016k free), swap 8261628k(7716092k free)

vm_info: OpenJDK 64-Bit Server VM (25.181-b13) for linux-amd64 JRE (1.8.0_181-8u181-b13-0ubuntu0.18.04.1-b13), built on Jul 23 2018 19:14:48 by "buildd" with gcc 7.3.0

time: Thu Aug 30 14:19:46 2018
elapsed time: 808 seconds (0d 0h 13m 28s)

